
Magic 8.3 revision 483 - Compiled on Sun Jun  2 18:57:41 UTC 2024.
Starting magic under Tcl interpreter
Using the terminal as the console.
Using NULL graphics device.
Processing system .magicrc file
Sourcing design .magicrc for technology sky130A ...
2 Magic internal units = 1 Lambda
Input style sky130(): scaleFactor=2, multiplier=2
The following types are not handled by extraction and will be treated as non-electrical types:
    ubm 
Scaled tech values by 2 / 1 to match internal grid scaling
Loading sky130A Device Generator Menu ...
Using technology "sky130A", version 1.0.466-0-gbdc9412
Reading LEF data from file /home/nguyen2604/.volare/sky130A/libs.ref/sky130_fd_sc_hd/techlef/sky130_fd_sc_hd__nom.tlef.
This action cannot be undone.
LEF read, Line 78 (Message): Unknown keyword "ANTENNAMODEL" in LEF file; ignoring.
LEF read, Line 79 (Message): Unknown keyword "ANTENNADIFFSIDEAREARATIO" in LEF file; ignoring.
LEF read, Line 112 (Message): Unknown keyword "MINENCLOSEDAREA" in LEF file; ignoring.
LEF read, Line 114 (Message): Unknown keyword "ANTENNAMODEL" in LEF file; ignoring.
LEF read, Line 115 (Message): Unknown keyword "ANTENNADIFFSIDEAREARATIO" in LEF file; ignoring.
LEF read, Line 121 (Message): Unknown keyword "MAXIMUMDENSITY" in LEF file; ignoring.
LEF read, Line 122 (Message): Unknown keyword "DENSITYCHECKWINDOW" in LEF file; ignoring.
LEF read, Line 123 (Message): Unknown keyword "DENSITYCHECKSTEP" in LEF file; ignoring.
LEF read, Line 156 (Message): Unknown keyword "MINENCLOSEDAREA" in LEF file; ignoring.
LEF read, Line 164 (Message): Unknown keyword "ANTENNAMODEL" in LEF file; ignoring.
LEF read, Line 165 (Message): Unknown keyword "ANTENNADIFFSIDEAREARATIO" in LEF file; ignoring.
LEF read, Line 167 (Message): Unknown keyword "MAXIMUMDENSITY" in LEF file; ignoring.
LEF read, Line 168 (Message): Unknown keyword "DENSITYCHECKWINDOW" in LEF file; ignoring.
LEF read, Line 169 (Message): Unknown keyword "DENSITYCHECKSTEP" in LEF file; ignoring.
LEF read, Line 206 (Message): Unknown keyword "ANTENNAMODEL" in LEF file; ignoring.
LEF read, Line 207 (Message): Unknown keyword "ANTENNADIFFSIDEAREARATIO" in LEF file; ignoring.
LEF read, Line 209 (Message): Unknown keyword "MAXIMUMDENSITY" in LEF file; ignoring.
LEF read, Line 210 (Message): Unknown keyword "DENSITYCHECKWINDOW" in LEF file; ignoring.
LEF read, Line 211 (Message): Unknown keyword "DENSITYCHECKSTEP" in LEF file; ignoring.
LEF read, Line 248 (Message): Unknown keyword "ANTENNAMODEL" in LEF file; ignoring.
LEF read, Line 249 (Message): Unknown keyword "ANTENNADIFFSIDEAREARATIO" in LEF file; ignoring.
LEF read, Line 251 (Message): Unknown keyword "MAXIMUMDENSITY" in LEF file; ignoring.
LEF read, Line 252 (Message): Unknown keyword "DENSITYCHECKWINDOW" in LEF file; ignoring.
LEF read, Line 253 (Message): Unknown keyword "DENSITYCHECKSTEP" in LEF file; ignoring.
LEF read, Line 290 (Message): Unknown keyword "ANTENNAMODEL" in LEF file; ignoring.
LEF read, Line 291 (Message): Unknown keyword "ANTENNADIFFSIDEAREARATIO" in LEF file; ignoring.
LEF read: Processed 797 lines.
Reading DEF data from file /openlane/designs/Random_forest_top_ver2/runs/RUN_2025.05.08_06.07.33/results/routing/Random_forest_top_ver2.def.
This action cannot be undone.
  Processed 4 vias total.
Cell sky130_fd_sc_hd__diode_2 read from path /home/nguyen2604/.volare/sky130A/libs.ref/sky130_fd_sc_hd/maglef
Cell sky130_fd_sc_hd__decap_3 read from path /home/nguyen2604/.volare/sky130A/libs.ref/sky130_fd_sc_hd/maglef
Cell sky130_ef_sc_hd__decap_12 read from path /home/nguyen2604/.volare/sky130A/libs.ref/sky130_fd_sc_hd/maglef
Cell sky130_fd_sc_hd__decap_4 read from path /home/nguyen2604/.volare/sky130A/libs.ref/sky130_fd_sc_hd/maglef
Cell sky130_fd_sc_hd__fill_1 read from path /home/nguyen2604/.volare/sky130A/libs.ref/sky130_fd_sc_hd/maglef
Cell sky130_fd_sc_hd__decap_6 read from path /home/nguyen2604/.volare/sky130A/libs.ref/sky130_fd_sc_hd/maglef
Cell sky130_fd_sc_hd__fill_2 read from path /home/nguyen2604/.volare/sky130A/libs.ref/sky130_fd_sc_hd/maglef
Cell sky130_fd_sc_hd__decap_8 read from path /home/nguyen2604/.volare/sky130A/libs.ref/sky130_fd_sc_hd/maglef
Cell sky130_fd_sc_hd__tapvpwrvgnd_1 read from path /home/nguyen2604/.volare/sky130A/libs.ref/sky130_fd_sc_hd/maglef
Cell sky130_fd_sc_hd__clkbuf_1 read from path /home/nguyen2604/.volare/sky130A/libs.ref/sky130_fd_sc_hd/maglef
Cell sky130_fd_sc_hd__or3_1 read from path /home/nguyen2604/.volare/sky130A/libs.ref/sky130_fd_sc_hd/maglef
Cell sky130_fd_sc_hd__or2_1 read from path /home/nguyen2604/.volare/sky130A/libs.ref/sky130_fd_sc_hd/maglef
Cell sky130_fd_sc_hd__inv_2 read from path /home/nguyen2604/.volare/sky130A/libs.ref/sky130_fd_sc_hd/maglef
Cell sky130_fd_sc_hd__nor2_1 read from path /home/nguyen2604/.volare/sky130A/libs.ref/sky130_fd_sc_hd/maglef
Cell sky130_fd_sc_hd__nand2_1 read from path /home/nguyen2604/.volare/sky130A/libs.ref/sky130_fd_sc_hd/maglef
Cell sky130_fd_sc_hd__o31a_1 read from path /home/nguyen2604/.volare/sky130A/libs.ref/sky130_fd_sc_hd/maglef
Cell sky130_fd_sc_hd__buf_4 read from path /home/nguyen2604/.volare/sky130A/libs.ref/sky130_fd_sc_hd/maglef
Cell sky130_fd_sc_hd__clkbuf_4 read from path /home/nguyen2604/.volare/sky130A/libs.ref/sky130_fd_sc_hd/maglef
Cell sky130_fd_sc_hd__buf_2 read from path /home/nguyen2604/.volare/sky130A/libs.ref/sky130_fd_sc_hd/maglef
Cell sky130_fd_sc_hd__a21o_1 read from path /home/nguyen2604/.volare/sky130A/libs.ref/sky130_fd_sc_hd/maglef
Cell sky130_fd_sc_hd__buf_1 read from path /home/nguyen2604/.volare/sky130A/libs.ref/sky130_fd_sc_hd/maglef
Cell sky130_fd_sc_hd__a41o_1 read from path /home/nguyen2604/.volare/sky130A/libs.ref/sky130_fd_sc_hd/maglef
Cell sky130_fd_sc_hd__a31o_1 read from path /home/nguyen2604/.volare/sky130A/libs.ref/sky130_fd_sc_hd/maglef
Cell sky130_fd_sc_hd__o21ai_1 read from path /home/nguyen2604/.volare/sky130A/libs.ref/sky130_fd_sc_hd/maglef
Cell sky130_fd_sc_hd__or2b_1 read from path /home/nguyen2604/.volare/sky130A/libs.ref/sky130_fd_sc_hd/maglef
Cell sky130_fd_sc_hd__o211a_1 read from path /home/nguyen2604/.volare/sky130A/libs.ref/sky130_fd_sc_hd/maglef
Cell sky130_fd_sc_hd__o21a_1 read from path /home/nguyen2604/.volare/sky130A/libs.ref/sky130_fd_sc_hd/maglef
Cell sky130_fd_sc_hd__and3b_1 read from path /home/nguyen2604/.volare/sky130A/libs.ref/sky130_fd_sc_hd/maglef
Cell sky130_fd_sc_hd__and2b_1 read from path /home/nguyen2604/.volare/sky130A/libs.ref/sky130_fd_sc_hd/maglef
Cell sky130_fd_sc_hd__and4_1 read from path /home/nguyen2604/.volare/sky130A/libs.ref/sky130_fd_sc_hd/maglef
Cell sky130_fd_sc_hd__nand3_1 read from path /home/nguyen2604/.volare/sky130A/libs.ref/sky130_fd_sc_hd/maglef
Cell sky130_fd_sc_hd__nand4_2 read from path /home/nguyen2604/.volare/sky130A/libs.ref/sky130_fd_sc_hd/maglef
Cell sky130_fd_sc_hd__nor3_1 read from path /home/nguyen2604/.volare/sky130A/libs.ref/sky130_fd_sc_hd/maglef
Cell sky130_fd_sc_hd__o41a_1 read from path /home/nguyen2604/.volare/sky130A/libs.ref/sky130_fd_sc_hd/maglef
Cell sky130_fd_sc_hd__a21boi_1 read from path /home/nguyen2604/.volare/sky130A/libs.ref/sky130_fd_sc_hd/maglef
Cell sky130_fd_sc_hd__or4_1 read from path /home/nguyen2604/.volare/sky130A/libs.ref/sky130_fd_sc_hd/maglef
Cell sky130_fd_sc_hd__and2_1 read from path /home/nguyen2604/.volare/sky130A/libs.ref/sky130_fd_sc_hd/maglef
Cell sky130_fd_sc_hd__and3_1 read from path /home/nguyen2604/.volare/sky130A/libs.ref/sky130_fd_sc_hd/maglef
Cell sky130_fd_sc_hd__nor2b_1 read from path /home/nguyen2604/.volare/sky130A/libs.ref/sky130_fd_sc_hd/maglef
Cell sky130_fd_sc_hd__a32o_1 read from path /home/nguyen2604/.volare/sky130A/libs.ref/sky130_fd_sc_hd/maglef
Cell sky130_fd_sc_hd__nand2b_1 read from path /home/nguyen2604/.volare/sky130A/libs.ref/sky130_fd_sc_hd/maglef
Cell sky130_fd_sc_hd__or3b_1 read from path /home/nguyen2604/.volare/sky130A/libs.ref/sky130_fd_sc_hd/maglef
Cell sky130_fd_sc_hd__or3b_2 read from path /home/nguyen2604/.volare/sky130A/libs.ref/sky130_fd_sc_hd/maglef
Cell sky130_fd_sc_hd__mux2_1 read from path /home/nguyen2604/.volare/sky130A/libs.ref/sky130_fd_sc_hd/maglef
Cell sky130_fd_sc_hd__clkbuf_2 read from path /home/nguyen2604/.volare/sky130A/libs.ref/sky130_fd_sc_hd/maglef
Cell sky130_fd_sc_hd__a22o_1 read from path /home/nguyen2604/.volare/sky130A/libs.ref/sky130_fd_sc_hd/maglef
Cell sky130_fd_sc_hd__o2bb2a_1 read from path /home/nguyen2604/.volare/sky130A/libs.ref/sky130_fd_sc_hd/maglef
Cell sky130_fd_sc_hd__o31ai_1 read from path /home/nguyen2604/.volare/sky130A/libs.ref/sky130_fd_sc_hd/maglef
Cell sky130_fd_sc_hd__xor2_1 read from path /home/nguyen2604/.volare/sky130A/libs.ref/sky130_fd_sc_hd/maglef
Cell sky130_fd_sc_hd__a221o_1 read from path /home/nguyen2604/.volare/sky130A/libs.ref/sky130_fd_sc_hd/maglef
Cell sky130_fd_sc_hd__o22a_1 read from path /home/nguyen2604/.volare/sky130A/libs.ref/sky130_fd_sc_hd/maglef
Cell sky130_fd_sc_hd__a2bb2o_1 read from path /home/nguyen2604/.volare/sky130A/libs.ref/sky130_fd_sc_hd/maglef
Cell sky130_fd_sc_hd__or4_2 read from path /home/nguyen2604/.volare/sky130A/libs.ref/sky130_fd_sc_hd/maglef
Cell sky130_fd_sc_hd__o21ba_1 read from path /home/nguyen2604/.volare/sky130A/libs.ref/sky130_fd_sc_hd/maglef
Cell sky130_fd_sc_hd__dlymetal6s2s_1 read from path /home/nguyen2604/.volare/sky130A/libs.ref/sky130_fd_sc_hd/maglef
Cell sky130_fd_sc_hd__nand2_4 read from path /home/nguyen2604/.volare/sky130A/libs.ref/sky130_fd_sc_hd/maglef
Cell sky130_fd_sc_hd__o311a_1 read from path /home/nguyen2604/.volare/sky130A/libs.ref/sky130_fd_sc_hd/maglef
Cell sky130_fd_sc_hd__xnor2_1 read from path /home/nguyen2604/.volare/sky130A/libs.ref/sky130_fd_sc_hd/maglef
Cell sky130_fd_sc_hd__or4bb_1 read from path /home/nguyen2604/.volare/sky130A/libs.ref/sky130_fd_sc_hd/maglef
Cell sky130_fd_sc_hd__o221a_1 read from path /home/nguyen2604/.volare/sky130A/libs.ref/sky130_fd_sc_hd/maglef
Cell sky130_fd_sc_hd__o2111a_1 read from path /home/nguyen2604/.volare/sky130A/libs.ref/sky130_fd_sc_hd/maglef
Cell sky130_fd_sc_hd__and4bb_1 read from path /home/nguyen2604/.volare/sky130A/libs.ref/sky130_fd_sc_hd/maglef
Cell sky130_fd_sc_hd__or4bb_2 read from path /home/nguyen2604/.volare/sky130A/libs.ref/sky130_fd_sc_hd/maglef
Cell sky130_fd_sc_hd__a211o_1 read from path /home/nguyen2604/.volare/sky130A/libs.ref/sky130_fd_sc_hd/maglef
Cell sky130_fd_sc_hd__a2111o_1 read from path /home/nguyen2604/.volare/sky130A/libs.ref/sky130_fd_sc_hd/maglef
Cell sky130_fd_sc_hd__o21bai_1 read from path /home/nguyen2604/.volare/sky130A/libs.ref/sky130_fd_sc_hd/maglef
Cell sky130_fd_sc_hd__nand2_2 read from path /home/nguyen2604/.volare/sky130A/libs.ref/sky130_fd_sc_hd/maglef
Cell sky130_fd_sc_hd__a21oi_1 read from path /home/nguyen2604/.volare/sky130A/libs.ref/sky130_fd_sc_hd/maglef
Cell sky130_fd_sc_hd__a211oi_1 read from path /home/nguyen2604/.volare/sky130A/libs.ref/sky130_fd_sc_hd/maglef
Cell sky130_fd_sc_hd__or3_2 read from path /home/nguyen2604/.volare/sky130A/libs.ref/sky130_fd_sc_hd/maglef
Cell sky130_fd_sc_hd__or4_4 read from path /home/nguyen2604/.volare/sky130A/libs.ref/sky130_fd_sc_hd/maglef
Cell sky130_fd_sc_hd__o22ai_1 read from path /home/nguyen2604/.volare/sky130A/libs.ref/sky130_fd_sc_hd/maglef
Cell sky130_fd_sc_hd__a21bo_1 read from path /home/nguyen2604/.volare/sky130A/libs.ref/sky130_fd_sc_hd/maglef
Cell sky130_fd_sc_hd__a221oi_1 read from path /home/nguyen2604/.volare/sky130A/libs.ref/sky130_fd_sc_hd/maglef
Cell sky130_fd_sc_hd__a2111oi_1 read from path /home/nguyen2604/.volare/sky130A/libs.ref/sky130_fd_sc_hd/maglef
Cell sky130_fd_sc_hd__a22oi_1 read from path /home/nguyen2604/.volare/sky130A/libs.ref/sky130_fd_sc_hd/maglef
Cell sky130_fd_sc_hd__o211ai_2 read from path /home/nguyen2604/.volare/sky130A/libs.ref/sky130_fd_sc_hd/maglef
Cell sky130_fd_sc_hd__o32a_1 read from path /home/nguyen2604/.volare/sky130A/libs.ref/sky130_fd_sc_hd/maglef
Cell sky130_fd_sc_hd__or4b_1 read from path /home/nguyen2604/.volare/sky130A/libs.ref/sky130_fd_sc_hd/maglef
Cell sky130_fd_sc_hd__nor4_1 read from path /home/nguyen2604/.volare/sky130A/libs.ref/sky130_fd_sc_hd/maglef
Cell sky130_fd_sc_hd__dfrtp_1 read from path /home/nguyen2604/.volare/sky130A/libs.ref/sky130_fd_sc_hd/maglef
Cell sky130_fd_sc_hd__dfstp_1 read from path /home/nguyen2604/.volare/sky130A/libs.ref/sky130_fd_sc_hd/maglef
Cell sky130_fd_sc_hd__dfxtp_1 read from path /home/nguyen2604/.volare/sky130A/libs.ref/sky130_fd_sc_hd/maglef
Cell sky130_fd_sc_hd__dfrtp_2 read from path /home/nguyen2604/.volare/sky130A/libs.ref/sky130_fd_sc_hd/maglef
Cell sky130_fd_sc_hd__dfrtp_4 read from path /home/nguyen2604/.volare/sky130A/libs.ref/sky130_fd_sc_hd/maglef
Cell sky130_fd_sc_hd__clkbuf_16 read from path /home/nguyen2604/.volare/sky130A/libs.ref/sky130_fd_sc_hd/maglef
Cell sky130_fd_sc_hd__clkinvlp_4 read from path /home/nguyen2604/.volare/sky130A/libs.ref/sky130_fd_sc_hd/maglef
Cell sky130_fd_sc_hd__inv_6 read from path /home/nguyen2604/.volare/sky130A/libs.ref/sky130_fd_sc_hd/maglef
Cell sky130_fd_sc_hd__clkinv_1 read from path /home/nguyen2604/.volare/sky130A/libs.ref/sky130_fd_sc_hd/maglef
Cell sky130_fd_sc_hd__clkinvlp_2 read from path /home/nguyen2604/.volare/sky130A/libs.ref/sky130_fd_sc_hd/maglef
Cell sky130_fd_sc_hd__clkinv_2 read from path /home/nguyen2604/.volare/sky130A/libs.ref/sky130_fd_sc_hd/maglef
Cell sky130_fd_sc_hd__clkinv_4 read from path /home/nguyen2604/.volare/sky130A/libs.ref/sky130_fd_sc_hd/maglef
Cell sky130_fd_sc_hd__bufinv_16 read from path /home/nguyen2604/.volare/sky130A/libs.ref/sky130_fd_sc_hd/maglef
Cell sky130_fd_sc_hd__buf_12 read from path /home/nguyen2604/.volare/sky130A/libs.ref/sky130_fd_sc_hd/maglef
Cell sky130_fd_sc_hd__buf_8 read from path /home/nguyen2604/.volare/sky130A/libs.ref/sky130_fd_sc_hd/maglef
  Processed 14246 subcell instances total.
  Processed 205 pins total.
  Processed 2 special nets total.
  Processed 4204 nets total.
DEF read: Processed 73012 lines.
Moving label "_0002_" from metal1 to via1 in cell Random_forest_top_ver2.
Moving label "_0110_" from metal1 to via1 in cell Random_forest_top_ver2.
Moving label "_0199_" from metal1 to via1 in cell Random_forest_top_ver2.
Moving label "_0217_" from metal1 to via1 in cell Random_forest_top_ver2.
Moving label "_0227_" from metal1 to via1 in cell Random_forest_top_ver2.
Moving label "_0250_" from metal1 to via1 in cell Random_forest_top_ver2.
Moving label "_0267_" from metal1 to via1 in cell Random_forest_top_ver2.
Moving label "_0281_" from metal1 to via1 in cell Random_forest_top_ver2.
Moving label "_0282_" from metal1 to via1 in cell Random_forest_top_ver2.
Moving label "_0310_" from metal1 to via1 in cell Random_forest_top_ver2.
Moving label "_0315_" from metal1 to via1 in cell Random_forest_top_ver2.
Moving label "_0412_" from metal1 to via1 in cell Random_forest_top_ver2.
Moving label "_0418_" from metal1 to via1 in cell Random_forest_top_ver2.
Moving label "_0459_" from metal1 to via1 in cell Random_forest_top_ver2.
Moving label "_0464_" from metal1 to via1 in cell Random_forest_top_ver2.
Moving label "_0588_" from metal1 to via1 in cell Random_forest_top_ver2.
Moving label "_0589_" from metal1 to via1 in cell Random_forest_top_ver2.
Moving label "_0596_" from metal1 to via1 in cell Random_forest_top_ver2.
Moving label "_0610_" from metal1 to via1 in cell Random_forest_top_ver2.
Moving label "_0612_" from metal1 to via1 in cell Random_forest_top_ver2.
Moving label "_0613_" from metal1 to via1 in cell Random_forest_top_ver2.
Moving label "_0669_" from metal1 to via1 in cell Random_forest_top_ver2.
Moving label "_0673_" from metal1 to via1 in cell Random_forest_top_ver2.
Moving label "_0709_" from metal2 to via1 in cell Random_forest_top_ver2.
Moving label "_0737_" from metal1 to via1 in cell Random_forest_top_ver2.
Moving label "_0753_" from metal1 to viali in cell Random_forest_top_ver2.
Moving label "_0966_" from metal1 to via1 in cell Random_forest_top_ver2.
Moving label "_1325_" from metal1 to via1 in cell Random_forest_top_ver2.
Moving label "_1359_" from metal1 to via1 in cell Random_forest_top_ver2.
Moving label "_1595_" from metal1 to via1 in cell Random_forest_top_ver2.
Moving label "_1803_" from metal2 to via2 in cell Random_forest_top_ver2.
Moving label "_1822_" from metal1 to viali in cell Random_forest_top_ver2.
Moving label "_2000_" from metal2 to via2 in cell Random_forest_top_ver2.
Moving label "_2038_" from metal1 to via1 in cell Random_forest_top_ver2.
Moving label "_2095_" from metal1 to via1 in cell Random_forest_top_ver2.
Moving label "_2496_" from metal2 to via2 in cell Random_forest_top_ver2.
Moving label "_2508_" from metal1 to viali in cell Random_forest_top_ver2.
Moving label "_2589_" from metal2 to via2 in cell Random_forest_top_ver2.
Moving label "_2631_" from metal1 to via1 in cell Random_forest_top_ver2.
Moving label "_2678_" from metal1 to via1 in cell Random_forest_top_ver2.
Moving label "_2732_" from metal1 to viali in cell Random_forest_top_ver2.
Moving label "_2786_" from metal1 to viali in cell Random_forest_top_ver2.
Moving label "_2914_" from metal1 to viali in cell Random_forest_top_ver2.
Moving label "_3058_" from metal1 to via1 in cell Random_forest_top_ver2.
Moving label "_3108_" from metal2 to via1 in cell Random_forest_top_ver2.
Moving label "clknet_0_clk" from metal2 to via2 in cell Random_forest_top_ver2.
Moving label "clknet_3_1__leaf_clk" from metal2 to via2 in cell Random_forest_top_ver2.
Moving label "clknet_3_3__leaf_clk" from metal2 to via2 in cell Random_forest_top_ver2.
Moving label "clknet_3_6__leaf_clk" from metal2 to via2 in cell Random_forest_top_ver2.
Moving label "clknet_3_7__leaf_clk" from metal2 to via2 in cell Random_forest_top_ver2.
Moving label "clknet_leaf_3_clk" from metal2 to via1 in cell Random_forest_top_ver2.
Moving label "tree_instances\[16\].u_tree.pipeline_prediction\[0\]\[0\]" from metal1 to via1 in cell Random_forest_top_ver2.
Moving label "tree_instances\[16\].u_tree.u_tree_weight_rom.cached_addr\[7\]" from metal2 to via2 in cell Random_forest_top_ver2.
Moving label "tree_instances\[19\].u_tree.pipeline_frame_id\[0\]\[2\]" from metal1 to via1 in cell Random_forest_top_ver2.
Moving label "tree_instances\[1\].u_tree.u_tree_weight_rom.cached_addr\[0\]" from metal1 to via1 in cell Random_forest_top_ver2.
Moving label "tree_instances\[7\].u_tree.frame_id_out\[4\]" from metal2 to via1 in cell Random_forest_top_ver2.
Moving label "tree_instances\[8\].u_tree.frame_id_out\[0\]" from metal2 to via1 in cell Random_forest_top_ver2.
Moving label "tree_instances\[8\].u_tree.frame_id_out\[2\]" from metal1 to via1 in cell Random_forest_top_ver2.
Moving label "tree_instances\[8\].u_tree.pipeline_valid\[0\]" from metal1 to via1 in cell Random_forest_top_ver2.
Moving label "tree_instances\[9\].u_tree.tree_state\[2\]" from metal1 to via1 in cell Random_forest_top_ver2.
Processing Random_forest_top_ver2
Extracting sky130_ef_sc_hd__decap_12 into sky130_ef_sc_hd__decap_12.ext:
Extracting sky130_fd_sc_hd__decap_3 into sky130_fd_sc_hd__decap_3.ext:
Extracting sky130_fd_sc_hd__fill_1 into sky130_fd_sc_hd__fill_1.ext:
Extracting sky130_fd_sc_hd__tapvpwrvgnd_1 into sky130_fd_sc_hd__tapvpwrvgnd_1.ext:
Extracting sky130_fd_sc_hd__decap_4 into sky130_fd_sc_hd__decap_4.ext:
Extracting sky130_fd_sc_hd__decap_6 into sky130_fd_sc_hd__decap_6.ext:
Extracting sky130_fd_sc_hd__fill_2 into sky130_fd_sc_hd__fill_2.ext:
Extracting sky130_fd_sc_hd__clkbuf_1 into sky130_fd_sc_hd__clkbuf_1.ext:
Extracting sky130_fd_sc_hd__dfrtp_1 into sky130_fd_sc_hd__dfrtp_1.ext:
Extracting sky130_fd_sc_hd__diode_2 into sky130_fd_sc_hd__diode_2.ext:
Extracting sky130_fd_sc_hd__mux2_1 into sky130_fd_sc_hd__mux2_1.ext:
Extracting sky130_fd_sc_hd__decap_8 into sky130_fd_sc_hd__decap_8.ext:
Extracting sky130_fd_sc_hd__inv_2 into sky130_fd_sc_hd__inv_2.ext:
Extracting sky130_fd_sc_hd__buf_1 into sky130_fd_sc_hd__buf_1.ext:
Extracting sky130_fd_sc_hd__dfxtp_1 into sky130_fd_sc_hd__dfxtp_1.ext:
Extracting sky130_fd_sc_hd__buf_12 into sky130_fd_sc_hd__buf_12.ext:
Extracting sky130_fd_sc_hd__and2_1 into sky130_fd_sc_hd__and2_1.ext:
Extracting sky130_fd_sc_hd__nor2_1 into sky130_fd_sc_hd__nor2_1.ext:
Extracting sky130_fd_sc_hd__or2_1 into sky130_fd_sc_hd__or2_1.ext:
Extracting sky130_fd_sc_hd__nand2_1 into sky130_fd_sc_hd__nand2_1.ext:
Extracting sky130_fd_sc_hd__clkinv_4 into sky130_fd_sc_hd__clkinv_4.ext:
Extracting sky130_fd_sc_hd__a2bb2o_1 into sky130_fd_sc_hd__a2bb2o_1.ext:
Extracting sky130_fd_sc_hd__o221a_1 into sky130_fd_sc_hd__o221a_1.ext:
Extracting sky130_fd_sc_hd__o22a_1 into sky130_fd_sc_hd__o22a_1.ext:
Extracting sky130_fd_sc_hd__o2111a_1 into sky130_fd_sc_hd__o2111a_1.ext:
Extracting sky130_fd_sc_hd__clkbuf_4 into sky130_fd_sc_hd__clkbuf_4.ext:
Extracting sky130_fd_sc_hd__nand2b_1 into sky130_fd_sc_hd__nand2b_1.ext:
Extracting sky130_fd_sc_hd__buf_8 into sky130_fd_sc_hd__buf_8.ext:
Extracting sky130_fd_sc_hd__clkinvlp_4 into sky130_fd_sc_hd__clkinvlp_4.ext:
Extracting sky130_fd_sc_hd__a22o_1 into sky130_fd_sc_hd__a22o_1.ext:
Extracting sky130_fd_sc_hd__xnor2_1 into sky130_fd_sc_hd__xnor2_1.ext:
Extracting sky130_fd_sc_hd__nand3_1 into sky130_fd_sc_hd__nand3_1.ext:
Extracting sky130_fd_sc_hd__and4_1 into sky130_fd_sc_hd__and4_1.ext:
Extracting sky130_fd_sc_hd__and3_1 into sky130_fd_sc_hd__and3_1.ext:
Extracting sky130_fd_sc_hd__or2b_1 into sky130_fd_sc_hd__or2b_1.ext:
Extracting sky130_fd_sc_hd__a221o_1 into sky130_fd_sc_hd__a221o_1.ext:
Extracting sky130_fd_sc_hd__or4bb_1 into sky130_fd_sc_hd__or4bb_1.ext:
Extracting sky130_fd_sc_hd__or4bb_2 into sky130_fd_sc_hd__or4bb_2.ext:
Extracting sky130_fd_sc_hd__nor4_1 into sky130_fd_sc_hd__nor4_1.ext:
Extracting sky130_fd_sc_hd__xor2_1 into sky130_fd_sc_hd__xor2_1.ext:
Extracting sky130_fd_sc_hd__or4_1 into sky130_fd_sc_hd__or4_1.ext:
Extracting sky130_fd_sc_hd__clkinv_2 into sky130_fd_sc_hd__clkinv_2.ext:
Extracting sky130_fd_sc_hd__o21ai_1 into sky130_fd_sc_hd__o21ai_1.ext:
Extracting sky130_fd_sc_hd__nand2_4 into sky130_fd_sc_hd__nand2_4.ext:
Extracting sky130_fd_sc_hd__a221oi_1 into sky130_fd_sc_hd__a221oi_1.ext:
Extracting sky130_fd_sc_hd__inv_6 into sky130_fd_sc_hd__inv_6.ext:
Extracting sky130_fd_sc_hd__and2b_1 into sky130_fd_sc_hd__and2b_1.ext:
Extracting sky130_fd_sc_hd__o2bb2a_1 into sky130_fd_sc_hd__o2bb2a_1.ext:
Extracting sky130_fd_sc_hd__a31o_1 into sky130_fd_sc_hd__a31o_1.ext:
Extracting sky130_fd_sc_hd__or4_2 into sky130_fd_sc_hd__or4_2.ext:
Extracting sky130_fd_sc_hd__bufinv_16 into sky130_fd_sc_hd__bufinv_16.ext:
Extracting sky130_fd_sc_hd__and4bb_1 into sky130_fd_sc_hd__and4bb_1.ext:
Extracting sky130_fd_sc_hd__a21o_1 into sky130_fd_sc_hd__a21o_1.ext:
Extracting sky130_fd_sc_hd__dfrtp_2 into sky130_fd_sc_hd__dfrtp_2.ext:
Extracting sky130_fd_sc_hd__a2111oi_1 into sky130_fd_sc_hd__a2111oi_1.ext:
Extracting sky130_fd_sc_hd__clkbuf_2 into sky130_fd_sc_hd__clkbuf_2.ext:
Extracting sky130_fd_sc_hd__or3_1 into sky130_fd_sc_hd__or3_1.ext:
Extracting sky130_fd_sc_hd__o21a_1 into sky130_fd_sc_hd__o21a_1.ext:
Extracting sky130_fd_sc_hd__o21ba_1 into sky130_fd_sc_hd__o21ba_1.ext:
Extracting sky130_fd_sc_hd__a41o_1 into sky130_fd_sc_hd__a41o_1.ext:
Extracting sky130_fd_sc_hd__nor2b_1 into sky130_fd_sc_hd__nor2b_1.ext:
Extracting sky130_fd_sc_hd__o31ai_1 into sky130_fd_sc_hd__o31ai_1.ext:
Extracting sky130_fd_sc_hd__clkinv_1 into sky130_fd_sc_hd__clkinv_1.ext:
Extracting sky130_fd_sc_hd__o31a_1 into sky130_fd_sc_hd__o31a_1.ext:
Extracting sky130_fd_sc_hd__o311a_1 into sky130_fd_sc_hd__o311a_1.ext:
Extracting sky130_fd_sc_hd__dfstp_1 into sky130_fd_sc_hd__dfstp_1.ext:
Extracting sky130_fd_sc_hd__and3b_1 into sky130_fd_sc_hd__and3b_1.ext:
Extracting sky130_fd_sc_hd__or4b_1 into sky130_fd_sc_hd__or4b_1.ext:
Extracting sky130_fd_sc_hd__a2111o_1 into sky130_fd_sc_hd__a2111o_1.ext:
Extracting sky130_fd_sc_hd__buf_2 into sky130_fd_sc_hd__buf_2.ext:
Extracting sky130_fd_sc_hd__nor3_1 into sky130_fd_sc_hd__nor3_1.ext:
Extracting sky130_fd_sc_hd__or3b_1 into sky130_fd_sc_hd__or3b_1.ext:
Extracting sky130_fd_sc_hd__a211oi_1 into sky130_fd_sc_hd__a211oi_1.ext:
Extracting sky130_fd_sc_hd__clkbuf_16 into sky130_fd_sc_hd__clkbuf_16.ext:
Extracting sky130_fd_sc_hd__o21bai_1 into sky130_fd_sc_hd__o21bai_1.ext:
Extracting sky130_fd_sc_hd__a211o_1 into sky130_fd_sc_hd__a211o_1.ext:
Extracting sky130_fd_sc_hd__nand2_2 into sky130_fd_sc_hd__nand2_2.ext:
Extracting sky130_fd_sc_hd__a21bo_1 into sky130_fd_sc_hd__a21bo_1.ext:
Extracting sky130_fd_sc_hd__a21oi_1 into sky130_fd_sc_hd__a21oi_1.ext:
Extracting sky130_fd_sc_hd__or3b_2 into sky130_fd_sc_hd__or3b_2.ext:
Extracting sky130_fd_sc_hd__o211a_1 into sky130_fd_sc_hd__o211a_1.ext:
Extracting sky130_fd_sc_hd__dlymetal6s2s_1 into sky130_fd_sc_hd__dlymetal6s2s_1.ext:
Extracting sky130_fd_sc_hd__clkinvlp_2 into sky130_fd_sc_hd__clkinvlp_2.ext:
Extracting sky130_fd_sc_hd__a21boi_1 into sky130_fd_sc_hd__a21boi_1.ext:
Extracting sky130_fd_sc_hd__buf_4 into sky130_fd_sc_hd__buf_4.ext:
Extracting sky130_fd_sc_hd__a32o_1 into sky130_fd_sc_hd__a32o_1.ext:
Extracting sky130_fd_sc_hd__o32a_1 into sky130_fd_sc_hd__o32a_1.ext:
Extracting sky130_fd_sc_hd__dfrtp_4 into sky130_fd_sc_hd__dfrtp_4.ext:
Extracting sky130_fd_sc_hd__or3_2 into sky130_fd_sc_hd__or3_2.ext:
Extracting sky130_fd_sc_hd__o211ai_2 into sky130_fd_sc_hd__o211ai_2.ext:
Extracting sky130_fd_sc_hd__a22oi_1 into sky130_fd_sc_hd__a22oi_1.ext:
Extracting sky130_fd_sc_hd__or4_4 into sky130_fd_sc_hd__or4_4.ext:
Extracting sky130_fd_sc_hd__nand4_2 into sky130_fd_sc_hd__nand4_2.ext:
Extracting sky130_fd_sc_hd__o22ai_1 into sky130_fd_sc_hd__o22ai_1.ext:
Extracting sky130_fd_sc_hd__o41a_1 into sky130_fd_sc_hd__o41a_1.ext:
Extracting Random_forest_top_ver2 into Random_forest_top_ver2.ext:
exttospice finished.
