OpenROAD b16bda7e82721d10566ff7e2b68f1ff0be9f9e38 
Features included (+) or not (-): +Charts +GPU +GUI +Python
This program is licensed under the BSD-3 license. See the LICENSE file for details.
Components of this program may be licensed under more restrictive licenses which must be honored.
define_corners Typical
read_liberty -corner Typical /home/nguyen2604/.volare/sky130A/libs.ref/sky130_fd_sc_hd/lib/sky130_fd_sc_hd__tt_025C_1v80.lib
Using 1e-12 for capacitance...
Using 1e+03 for resistance...
Using 1e-09 for time...
Using 1e+00 for voltage...
Using 1e-03 for current...
Using 1e-09 for power...
Using 1e-06 for distance...
[INFO]: Reading ODB at '/openlane/designs/Random_forest_top_ver2/runs/RUN_2025.05.08_06.07.33/tmp/routing/21-diodes.odb'…
Reading design constraints file at '/openlane/designs/Random_forest_top_ver2/src/Random_forest_top_ver2.sdc'…
[WARNING STA-0361] net '*rom_*' not found.
[WARNING STA-0472] no valid objects specified for -through
[WARNING STA-0361] net '*rom_*' not found.
[WARNING STA-0472] no valid objects specified for -through
Placement Analysis
---------------------------------
total displacement       2551.5 u
average displacement        0.4 u
max displacement            9.6 u
original HPWL           61204.9 u
legalized HPWL          63592.2 u
delta HPWL                    4 %

[INFO DPL-0020] Mirrored 1543 instances
[INFO DPL-0021] HPWL before           63592.2 u
[INFO DPL-0022] HPWL after            61365.4 u
[INFO DPL-0023] HPWL delta               -3.5 %
Setting global connections for newly added cells…
Writing OpenROAD database to '/openlane/designs/Random_forest_top_ver2/runs/RUN_2025.05.08_06.07.33/tmp/routing/./21-diodes_legalized.odb'…
Writing netlist to '/openlane/designs/Random_forest_top_ver2/runs/RUN_2025.05.08_06.07.33/tmp/routing/./21-diodes_legalized.nl.v'…
Writing powered netlist to '/openlane/designs/Random_forest_top_ver2/runs/RUN_2025.05.08_06.07.33/tmp/routing/./21-diodes_legalized.pnl.v'…
Writing layout to '/openlane/designs/Random_forest_top_ver2/runs/RUN_2025.05.08_06.07.33/tmp/routing/./21-diodes_legalized.def'…
