OpenROAD b16bda7e82721d10566ff7e2b68f1ff0be9f9e38 
Features included (+) or not (-): +Charts +GPU +GUI +Python
This program is licensed under the BSD-3 license. See the LICENSE file for details.
Components of this program may be licensed under more restrictive licenses which must be honored.
define_corners Typical
read_liberty -corner Typical /home/nguyen2604/.volare/sky130A/libs.ref/sky130_fd_sc_hd/lib/sky130_fd_sc_hd__tt_025C_1v80.lib
Using 1e-12 for capacitance...
Using 1e+03 for resistance...
Using 1e-09 for time...
Using 1e+00 for voltage...
Using 1e-03 for current...
Using 1e-09 for power...
Using 1e-06 for distance...
[INFO]: Reading ODB at '/openlane/designs/Random_forest_top_ver2/runs/RUN_2025.05.08_06.07.33/tmp/routing/23-global.odb'…
Reading design constraints file at '/openlane/designs/Random_forest_top_ver2/src/Random_forest_top_ver2.sdc'…
[WARNING STA-0361] net '*rom_*' not found.
[WARNING STA-0472] no valid objects specified for -through
[WARNING STA-0361] net '*rom_*' not found.
[WARNING STA-0472] no valid objects specified for -through
[INFO DPL-0001] Placed 7384 filler instances.
Setting global connections for newly added cells…
Writing OpenROAD database to '/openlane/designs/Random_forest_top_ver2/runs/RUN_2025.05.08_06.07.33/tmp/routing/26-fill.odb'…
Writing netlist to '/openlane/designs/Random_forest_top_ver2/runs/RUN_2025.05.08_06.07.33/tmp/routing/26-fill.nl.v'…
Writing powered netlist to '/openlane/designs/Random_forest_top_ver2/runs/RUN_2025.05.08_06.07.33/tmp/routing/26-fill.pnl.v'…
Writing layout to '/openlane/designs/Random_forest_top_ver2/runs/RUN_2025.05.08_06.07.33/tmp/routing/26-fill.def'…
