
===========================================================================
 report_power
============================================================================
======================= Fastest Corner ===================================

Group                  Internal  Switching    Leakage      Total
                          Power      Power      Power      Power (Watts)
----------------------------------------------------------------
Sequential             3.32e-03   1.79e-05   5.44e-07   3.34e-03  54.0%
Combinational          2.75e-05   3.51e-05   1.06e-08   6.27e-05   1.0%
Clock                  1.30e-03   1.49e-03   1.35e-08   2.79e-03  45.0%
Macro                  0.00e+00   0.00e+00   0.00e+00   0.00e+00   0.0%
Pad                    0.00e+00   0.00e+00   0.00e+00   0.00e+00   0.0%
----------------------------------------------------------------
Total                  4.65e-03   1.54e-03   5.68e-07   6.19e-03 100.0%
                          75.1%      24.9%       0.0%

======================= Slowest Corner ===================================

Group                  Internal  Switching    Leakage      Total
                          Power      Power      Power      Power (Watts)
----------------------------------------------------------------
Sequential             2.19e-03   1.18e-05   1.24e-05   2.22e-03  53.0%
Combinational          2.10e-05   2.32e-05   1.48e-05   5.90e-05   1.4%
Clock                  9.36e-04   9.70e-04   1.59e-06   1.91e-03  45.6%
Macro                  0.00e+00   0.00e+00   0.00e+00   0.00e+00   0.0%
Pad                    0.00e+00   0.00e+00   0.00e+00   0.00e+00   0.0%
----------------------------------------------------------------
Total                  3.15e-03   1.01e-03   2.88e-05   4.18e-03 100.0%
                          75.3%      24.0%       0.7%

======================= Typical Corner ===================================

Group                  Internal  Switching    Leakage      Total
                          Power      Power      Power      Power (Watts)
----------------------------------------------------------------
Sequential             2.86e-03   1.51e-05   5.42e-07   2.88e-03  54.1%
Combinational          2.55e-05   2.96e-05   8.77e-09   5.52e-05   1.0%
Clock                  1.14e-03   1.25e-03   1.03e-08   2.39e-03  44.9%
Macro                  0.00e+00   0.00e+00   0.00e+00   0.00e+00   0.0%
Pad                    0.00e+00   0.00e+00   0.00e+00   0.00e+00   0.0%
----------------------------------------------------------------
Total                  4.02e-03   1.30e-03   5.61e-07   5.32e-03 100.0%
                          75.6%      24.4%       0.0%

