
===========================================================================
 report_power
============================================================================
======================= Fastest Corner ===================================

Group                  Internal  Switching    Leakage      Total
                          Power      Power      Power      Power (Watts)
----------------------------------------------------------------
Sequential             3.32e-03   1.86e-05   5.44e-07   3.34e-03  53.5%
Combinational          2.76e-05   3.69e-05   1.06e-08   6.45e-05   1.0%
Clock                  1.30e-03   1.54e-03   1.35e-08   2.84e-03  45.4%
Macro                  0.00e+00   0.00e+00   0.00e+00   0.00e+00   0.0%
Pad                    0.00e+00   0.00e+00   0.00e+00   0.00e+00   0.0%
----------------------------------------------------------------
Total                  4.65e-03   1.60e-03   5.68e-07   6.25e-03 100.0%
                          74.4%      25.6%       0.0%

======================= Slowest Corner ===================================

Group                  Internal  Switching    Leakage      Total
                          Power      Power      Power      Power (Watts)
----------------------------------------------------------------
Sequential             2.19e-03   1.23e-05   1.24e-05   2.22e-03  52.5%
Combinational          2.10e-05   2.44e-05   1.48e-05   6.02e-05   1.4%
Clock                  9.36e-04   1.01e-03   1.59e-06   1.94e-03  46.0%
Macro                  0.00e+00   0.00e+00   0.00e+00   0.00e+00   0.0%
Pad                    0.00e+00   0.00e+00   0.00e+00   0.00e+00   0.0%
----------------------------------------------------------------
Total                  3.15e-03   1.04e-03   2.88e-05   4.22e-03 100.0%
                          74.6%      24.7%       0.7%

======================= Typical Corner ===================================

Group                  Internal  Switching    Leakage      Total
                          Power      Power      Power      Power (Watts)
----------------------------------------------------------------
Sequential             2.86e-03   1.57e-05   5.42e-07   2.88e-03  53.6%
Combinational          2.55e-05   3.12e-05   8.77e-09   5.67e-05   1.1%
Clock                  1.14e-03   1.30e-03   1.03e-08   2.43e-03  45.3%
Macro                  0.00e+00   0.00e+00   0.00e+00   0.00e+00   0.0%
Pad                    0.00e+00   0.00e+00   0.00e+00   0.00e+00   0.0%
----------------------------------------------------------------
Total                  4.02e-03   1.34e-03   5.61e-07   5.37e-03 100.0%
                          75.0%      25.0%       0.0%

