
41. Executing CHECK pass (checking for obvious problems).
Checking module Random_forest_top_ver2...
Checking module $paramod$3e0192281f34e2a53c376e9c93cc3d31933f008a\tree_weight_rom...
Checking module $paramod$9fa26e49b347dca788b6a10cc0d28cc4c924d869\tree_weight_rom...
Checking module $paramod$4805d5dfc275028f86604395345cc4d6c9c66a45\tree_weight_rom...
Checking module $paramod$da4fb856162c89515a5f2d6ccd8fc97b304b7832\tree_weight_rom...
Checking module $paramod$891fd2f75763b887bf10ddd7ad2c7416c665c3d2\tree_weight_rom...
Checking module $paramod$c904a882efedf6fcf3d69612b4235c1f9f44bfa2\tree_weight_rom...
Checking module $paramod$bf00a9dbdda6d7090f0e28c7ef1ed07d94f45379\tree_weight_rom...
Checking module $paramod$98756eba3055a8d357f9b88ace9c8d00f50cbeba\tree_weight_rom...
Checking module $paramod$076dadad83dc91eb405c1e0d600b34459ce971b4\tree_weight_rom...
Checking module $paramod$49b5bca7cb730d99765cdc8ecfd29644b0ded864\tree_weight_rom...
Checking module $paramod$4c2572a471a4526865daa404102fcd73c991e75f\tree_weight_rom...
Checking module $paramod$a4e7078a7fc0f1723fbd4fd144dba375e988b3cb\tree_weight_rom...
Checking module $paramod$4d3e12fef137a38d107e81aa46713d75e7ea37ce\tree_weight_rom...
Checking module $paramod$6324ad157c7db720217bedb115f8a009d3779f9b\tree_weight_rom...
Checking module $paramod$bcda22edf0ec4d1034aaa16364b825610d64b338\tree_weight_rom...
Checking module $paramod$70bdf2fb6281a5cdd3aa71121761cd692988c871\tree_weight_rom...
Checking module $paramod$6738a968169953774b70219e3079e701643892e7\tree_weight_rom...
Checking module $paramod$9e8482fb8b3c7217205d35e0b1190b850cd44b11\pipelined_tree...
Checking module $paramod$533c340b555e9fa71d3f84082f27576451279c1d\pipelined_tree...
Checking module $paramod$03504748dcdc437d0c752ec82fd18fb8cad969f0\pipelined_tree...
Checking module $paramod$92e859987883229f438dc798463047207aaee961\pipelined_tree...
Checking module $paramod$90523c000e177d37884b5411db739285b06d8dfb\pipelined_tree...
Checking module $paramod$aae0013a64494bedbfed7f2145dc67247fb303c2\pipelined_tree...
Checking module $paramod$8076204902c4db54e4687630e6c024becda649f4\pipelined_tree...
Checking module $paramod$616101cce0d22b73907e189704c744ace9812e67\pipelined_tree...
Checking module $paramod$2aa89912dca71d27d1de6887f322d0537e07633e\pipelined_tree...
Checking module $paramod$a34414f3bbd81d61893e0260e7443177d3e61490\pipelined_tree...
Checking module $paramod$809244ae6e2a74db2bd1d5e953fe2bce18a2f915\pipelined_tree...
Checking module $paramod$5f9dfbe8b71a5fe74ec58c2177312df0c9febc6e\pipelined_tree...
Checking module $paramod$b4ea7b53d55b180c40c0fbd3fc2ca56fce48ca26\pipelined_tree...
Checking module $paramod$f324c319b146c3fb675285f7cc3f9e725880ea8c\pipelined_tree...
Checking module $paramod$4b737ebe95fcec7b12b1a9ba266be4ab2a1add26\pipelined_tree...
Checking module $paramod$f9b5fcb458e8f07360bbaddee3ad287b802ef6a9\pipelined_tree...
Checking module $paramod$fd7d8c8414829a10284071b9800b7b866592988e\pipelined_tree...
Checking module $paramod$d23218ef8a419cd6518126df4b4a73343dc3beb6\pipelined_tree...
Checking module $paramod$adec7baeece26a600bf5c9bcae3e2ee470337ccc\pipelined_tree...
Checking module $paramod$70899072a914c7b0a5985fb8466348fc90ad2d6e\pipelined_tree...
Checking module $paramod$71711d660da5690a0edafbbdb839c4211d4e1af1\pipelined_tree...
Checking module $paramod$4944f0636515a1a4df74b792b7cf7fc88093dade\tree_rom_20...
Checking module $paramod$4944f0636515a1a4df74b792b7cf7fc88093dade\tree_rom_8...
Checking module $paramod$4944f0636515a1a4df74b792b7cf7fc88093dade\tree_rom_7...
Checking module $paramod$4944f0636515a1a4df74b792b7cf7fc88093dade\tree_rom_19...
Checking module $paramod$4944f0636515a1a4df74b792b7cf7fc88093dade\tree_rom_6...
Checking module $paramod$4944f0636515a1a4df74b792b7cf7fc88093dade\tree_rom_18...
Checking module $paramod$4944f0636515a1a4df74b792b7cf7fc88093dade\tree_rom_5...
Checking module $paramod$4944f0636515a1a4df74b792b7cf7fc88093dade\tree_rom_17...
Checking module $paramod$4944f0636515a1a4df74b792b7cf7fc88093dade\tree_rom_4...
Checking module $paramod$4944f0636515a1a4df74b792b7cf7fc88093dade\tree_rom_16...
Checking module $paramod$4944f0636515a1a4df74b792b7cf7fc88093dade\tree_rom_3...
Checking module $paramod$4944f0636515a1a4df74b792b7cf7fc88093dade\tree_rom_15...
Checking module $paramod$4944f0636515a1a4df74b792b7cf7fc88093dade\tree_rom_2...
Checking module $paramod$4944f0636515a1a4df74b792b7cf7fc88093dade\tree_rom_14...
Checking module $paramod$4944f0636515a1a4df74b792b7cf7fc88093dade\tree_rom_1...
Checking module $paramod$4944f0636515a1a4df74b792b7cf7fc88093dade\tree_rom_13...
Checking module $paramod$4944f0636515a1a4df74b792b7cf7fc88093dade\tree_rom_0...
Checking module $paramod$4944f0636515a1a4df74b792b7cf7fc88093dade\tree_rom_12...
Checking module $paramod$4944f0636515a1a4df74b792b7cf7fc88093dade\tree_rom_11...
Checking module $paramod$4944f0636515a1a4df74b792b7cf7fc88093dade\tree_rom_10...
Checking module $paramod$4944f0636515a1a4df74b792b7cf7fc88093dade\tree_rom_9...
Checking module $paramod$3d6750f8e8ea38898813dbfc305a3d4b642648ec\tree_weight_rom...
Checking module $paramod$9ae0af2cbcff1acb8e7887751c4c86e6842d0664\tree_weight_rom...
Checking module $paramod$a0642b2473f39588a5ec3d0eb7a8979dfd7269b5\tree_weight_rom...
Checking module $paramod$f1188494a2905e7b8a1b7bafe7e21a59f0fa94d5\tree_weight_rom...
Found and reported 0 problems.
