
===========================================================================
report_checks -unconstrained
===========================================================================
======================= Typical Corner ===================================

Startpoint: _6761_ (rising edge-triggered flip-flop clocked by clk)
Endpoint: frame_id_out[0] (output port clocked by clk)
Path Group: clk
Path Type: max

Fanout     Cap    Slew   Delay    Time   Description
-----------------------------------------------------------------------------
                          0.00    0.00   clock clk (rise edge)
                          0.00    0.00   clock source latency
     2    0.00    0.00    0.00    0.00 ^ clk (in)
                                         clk (net)
                  0.00    0.00    0.00 ^ wire1/A (sky130_fd_sc_hd__clkbuf_2)
     2    0.01    0.06    0.10    0.10 ^ wire1/X (sky130_fd_sc_hd__clkbuf_2)
                                         net40 (net)
                  0.06    0.00    0.10 ^ clkbuf_0_clk/A (sky130_fd_sc_hd__clkbuf_16)
    16    0.07    0.09    0.17    0.27 ^ clkbuf_0_clk/X (sky130_fd_sc_hd__clkbuf_16)
                                         clknet_0_clk (net)
                  0.09    0.00    0.27 ^ clkbuf_3_0__f_clk/A (sky130_fd_sc_hd__clkbuf_16)
    28    0.04    0.07    0.16    0.43 ^ clkbuf_3_0__f_clk/X (sky130_fd_sc_hd__clkbuf_16)
                                         clknet_3_0__leaf_clk (net)
                  0.07    0.00    0.43 ^ clkbuf_leaf_5_clk/A (sky130_fd_sc_hd__clkbuf_4)
     8    0.02    0.08    0.17    0.60 ^ clkbuf_leaf_5_clk/X (sky130_fd_sc_hd__clkbuf_4)
                                         clknet_leaf_5_clk (net)
                  0.08    0.00    0.60 ^ _6761_/CLK (sky130_fd_sc_hd__dfrtp_1)
     2    0.01    0.07    0.40    1.00 v _6761_/Q (sky130_fd_sc_hd__dfrtp_1)
                                         net2 (net)
                  0.07    0.00    1.00 v output2/A (sky130_fd_sc_hd__buf_8)
     1    0.10    0.08    0.18    1.18 v output2/X (sky130_fd_sc_hd__buf_8)
                                         frame_id_out[0] (net)
                  0.08    0.00    1.18 v frame_id_out[0] (out)
                                  1.18   data arrival time

                         10.00   10.00   clock clk (rise edge)
                          0.00   10.00   clock network delay (propagated)
                         -0.10    9.90   clock uncertainty
                          0.00    9.90   clock reconvergence pessimism
                         -2.00    7.90   output external delay
                                  7.90   data required time
-----------------------------------------------------------------------------
                                  7.90   data required time
                                 -1.18   data arrival time
-----------------------------------------------------------------------------
                                  6.72   slack (MET)




===========================================================================
report_checks --slack_max -0.01
============================================================================
======================= Typical Corner ===================================

No paths found.


===========================================================================
 report_check_types -max_slew -max_cap -max_fanout -violators
============================================================================
======================= Typical Corner ===================================


max slew violations count Typical: 0
max fanout violations count Typical: 0
max cap violations count Typical: 0

===========================================================================
report_parasitic_annotation -report_unannotated
============================================================================
Found 4304 unannotated drivers.
 arbitration_id[0]
 arbitration_id[10]
 arbitration_id[11]
 arbitration_id[12]
 arbitration_id[13]
 arbitration_id[14]
 arbitration_id[15]
 arbitration_id[16]
 arbitration_id[17]
 arbitration_id[18]
 arbitration_id[19]
 arbitration_id[1]
 arbitration_id[20]
 arbitration_id[21]
 arbitration_id[22]
 arbitration_id[23]
 arbitration_id[24]
 arbitration_id[25]
 arbitration_id[26]
 arbitration_id[27]
 arbitration_id[28]
 arbitration_id[29]
 arbitration_id[2]
 arbitration_id[30]
 arbitration_id[31]
 arbitration_id[32]
 arbitration_id[33]
 arbitration_id[34]
 arbitration_id[35]
 arbitration_id[36]
 arbitration_id[37]
 arbitration_id[38]
 arbitration_id[39]
 arbitration_id[3]
 arbitration_id[40]
 arbitration_id[41]
 arbitration_id[42]
 arbitration_id[43]
 arbitration_id[44]
 arbitration_id[45]
 arbitration_id[46]
 arbitration_id[47]
 arbitration_id[48]
 arbitration_id[49]
 arbitration_id[4]
 arbitration_id[50]
 arbitration_id[51]
 arbitration_id[52]
 arbitration_id[53]
 arbitration_id[54]
 arbitration_id[55]
 arbitration_id[56]
 arbitration_id[57]
 arbitration_id[58]
 arbitration_id[59]
 arbitration_id[5]
 arbitration_id[60]
 arbitration_id[61]
 arbitration_id[62]
 arbitration_id[63]
 arbitration_id[6]
 arbitration_id[7]
 arbitration_id[8]
 arbitration_id[9]
 clk
 data_field[0]
 data_field[10]
 data_field[11]
 data_field[12]
 data_field[13]
 data_field[14]
 data_field[15]
 data_field[16]
 data_field[17]
 data_field[18]
 data_field[19]
 data_field[1]
 data_field[20]
 data_field[21]
 data_field[22]
 data_field[23]
 data_field[24]
 data_field[25]
 data_field[26]
 data_field[27]
 data_field[28]
 data_field[29]
 data_field[2]
 data_field[30]
 data_field[31]
 data_field[32]
 data_field[33]
 data_field[34]
 data_field[35]
 data_field[36]
 data_field[37]
 data_field[38]
 data_field[39]
 data_field[3]
 data_field[40]
 data_field[41]
 data_field[42]
 data_field[43]
 data_field[44]
 data_field[45]
 data_field[46]
 data_field[47]
 data_field[48]
 data_field[49]
 data_field[4]
 data_field[50]
 data_field[51]
 data_field[52]
 data_field[53]
 data_field[54]
 data_field[55]
 data_field[56]
 data_field[57]
 data_field[58]
 data_field[59]
 data_field[5]
 data_field[60]
 data_field[61]
 data_field[62]
 data_field[63]
 data_field[6]
 data_field[7]
 data_field[8]
 data_field[9]
 feature_valid
 rst_n
 timestamp[0]
 timestamp[10]
 timestamp[11]
 timestamp[12]
 timestamp[13]
 timestamp[14]
 timestamp[15]
 timestamp[16]
 timestamp[17]
 timestamp[18]
 timestamp[19]
 timestamp[1]
 timestamp[20]
 timestamp[21]
 timestamp[22]
 timestamp[23]
 timestamp[24]
 timestamp[25]
 timestamp[26]
 timestamp[27]
 timestamp[28]
 timestamp[29]
 timestamp[2]
 timestamp[30]
 timestamp[31]
 timestamp[32]
 timestamp[33]
 timestamp[34]
 timestamp[35]
 timestamp[36]
 timestamp[37]
 timestamp[38]
 timestamp[39]
 timestamp[3]
 timestamp[40]
 timestamp[41]
 timestamp[42]
 timestamp[43]
 timestamp[44]
 timestamp[45]
 timestamp[46]
 timestamp[47]
 timestamp[48]
 timestamp[49]
 timestamp[4]
 timestamp[50]
 timestamp[51]
 timestamp[52]
 timestamp[53]
 timestamp[54]
 timestamp[55]
 timestamp[56]
 timestamp[57]
 timestamp[58]
 timestamp[59]
 timestamp[5]
 timestamp[60]
 timestamp[61]
 timestamp[62]
 timestamp[63]
 timestamp[6]
 timestamp[7]
 timestamp[8]
 timestamp[9]
 _3149_/X
 _3150_/X
 _3151_/X
 _3152_/X
 _3153_/X
 _3154_/X
 _3155_/X
 _3156_/X
 _3157_/X
 _3158_/X
 _3159_/X
 _3160_/X
 _3161_/X
 _3162_/X
 _3163_/X
 _3164_/X
 _3165_/X
 _3166_/Y
 _3167_/X
 _3168_/X
 _3169_/X
 _3170_/X
 _3171_/Y
 _3172_/Y
 _3173_/X
 _3174_/X
 _3175_/Y
 _3176_/X
 _3177_/X
 _3178_/X
 _3179_/X
 _3180_/X
 _3181_/X
 _3182_/X
 _3183_/X
 _3184_/X
 _3185_/X
 _3186_/X
 _3187_/X
 _3188_/X
 _3189_/X
 _3190_/X
 _3191_/X
 _3192_/X
 _3193_/X
 _3194_/X
 _3195_/X
 _3196_/X
 _3197_/X
 _3198_/X
 _3199_/X
 _3200_/X
 _3201_/X
 _3202_/X
 _3203_/X
 _3204_/X
 _3205_/X
 _3206_/X
 _3207_/X
 _3208_/X
 _3209_/Y
 _3210_/X
 _3211_/X
 _3212_/X
 _3213_/X
 _3214_/X
 _3215_/X
 _3216_/X
 _3217_/X
 _3218_/X
 _3219_/X
 _3220_/Y
 _3221_/Y
 _3222_/X
 _3223_/X
 _3224_/X
 _3225_/X
 _3226_/X
 _3227_/X
 _3228_/Y
 _3229_/X
 _3230_/X
 _3231_/X
 _3232_/X
 _3233_/X
 _3234_/Y
 _3235_/X
 _3236_/X
 _3237_/X
 _3238_/Y
 _3239_/Y
 _3240_/X
 _3241_/Y
 _3242_/X
 _3243_/X
 _3244_/X
 _3245_/X
 _3246_/Y
 _3247_/X
 _3248_/Y
 _3249_/Y
 _3250_/X
 _3251_/X
 _3252_/Y
 _3253_/X
 _3254_/X
 _3255_/X
 _3256_/Y
 _3257_/Y
 _3258_/Y
 _3259_/X
 _3260_/Y
 _3261_/Y
 _3262_/X
 _3263_/X
 _3264_/X
 _3265_/X
 _3266_/X
 _3267_/X
 _3268_/Y
 _3269_/X
 _3270_/X
 _3271_/X
 _3272_/Y
 _3273_/Y
 _3274_/X
 _3275_/X
 _3276_/X
 _3277_/X
 _3278_/X
 _3279_/X
 _3280_/X
 _3281_/Y
 _3282_/X
 _3283_/X
 _3284_/Y
 _3285_/X
 _3286_/X
 _3287_/X
 _3288_/X
 _3289_/X
 _3290_/Y
 _3291_/X
 _3292_/X
 _3293_/X
 _3294_/X
 _3295_/X
 _3296_/Y
 _3297_/Y
 _3298_/X
 _3299_/X
 _3300_/X
 _3301_/X
 _3302_/X
 _3303_/X
 _3304_/X
 _3305_/X
 _3306_/X
 _3307_/X
 _3308_/X
 _3309_/X
 _3310_/Y
 _3311_/X
 _3312_/X
 _3313_/X
 _3314_/X
 _3315_/X
 _3316_/X
 _3317_/X
 _3318_/Y
 _3319_/X
 _3320_/Y
 _3321_/X
 _3322_/X
 _3323_/X
 _3324_/X
 _3325_/X
 _3326_/X
 _3327_/X
 _3328_/X
 _3329_/X
 _3330_/X
 _3331_/X
 _3332_/X
 _3333_/X
 _3334_/X
 _3335_/X
 _3336_/X
 _3337_/X
 _3338_/X
 _3339_/X
 _3340_/X
 _3341_/Y
 _3342_/X
 _3343_/X
 _3344_/X
 _3345_/X
 _3346_/X
 _3347_/Y
 _3348_/X
 _3349_/X
 _3350_/X
 _3351_/Y
 _3352_/Y
 _3353_/Y
 _3354_/Y
 _3355_/Y
 _3356_/X
 _3357_/X
 _3358_/Y
 _3359_/Y
 _3360_/X
 _3361_/X
 _3362_/X
 _3363_/X
 _3364_/X
 _3365_/Y
 _3366_/X
 _3367_/X
 _3368_/X
 _3369_/Y
 _3370_/X
 _3371_/X
 _3372_/X
 _3373_/X
 _3374_/X
 _3375_/X
 _3376_/X
 _3377_/X
 _3378_/X
 _3379_/Y
 _3380_/X
 _3381_/X
 _3382_/X
 _3383_/X
 _3384_/X
 _3385_/X
 _3386_/Y
 _3387_/X
 _3388_/X
 _3389_/X
 _3390_/X
 _3391_/Y
 _3392_/X
 _3393_/X
 _3394_/X
 _3395_/X
 _3396_/X
 _3397_/X
 _3398_/X
 _3399_/X
 _3400_/X
 _3401_/X
 _3402_/X
 _3403_/X
 _3404_/X
 _3405_/X
 _3406_/X
 _3407_/X
 _3408_/Y
 _3409_/X
 _3410_/X
 _3411_/Y
 _3412_/X
 _3413_/X
 _3414_/X
 _3415_/Y
 _3416_/X
 _3417_/Y
 _3418_/Y
 _3419_/Y
 _3420_/Y
 _3421_/Y
 _3422_/Y
 _3423_/X
 _3424_/X
 _3425_/X
 _3426_/X
 _3427_/X
 _3428_/Y
 _3429_/Y
 _3430_/X
 _3431_/X
 _3432_/X
 _3433_/X
 _3434_/X
 _3435_/X
 _3436_/X
 _3437_/X
 _3438_/X
 _3439_/X
 _3440_/X
 _3441_/X
 _3442_/X
 _3443_/X
 _3444_/X
 _3445_/X
 _3446_/X
 _3447_/X
 _3448_/X
 _3449_/Y
 _3450_/X
 _3451_/X
 _3452_/X
 _3453_/X
 _3454_/X
 _3455_/X
 _3456_/Y
 _3457_/Y
 _3458_/Y
 _3459_/X
 _3460_/X
 _3461_/Y
 _3462_/X
 _3463_/X
 _3464_/Y
 _3465_/X
 _3466_/X
 _3467_/Y
 _3468_/X
 _3469_/Y
 _3470_/Y
 _3471_/X
 _3472_/X
 _3473_/X
 _3474_/X
 _3475_/X
 _3476_/X
 _3477_/X
 _3478_/X
 _3479_/X
 _3480_/X
 _3481_/Y
 _3482_/X
 _3483_/X
 _3484_/X
 _3485_/X
 _3486_/X
 _3487_/X
 _3488_/X
 _3489_/X
 _3490_/Y
 _3491_/X
 _3492_/Y
 _3493_/X
 _3494_/X
 _3495_/Y
 _3496_/X
 _3497_/X
 _3498_/X
 _3499_/X
 _3500_/X
 _3501_/X
 _3502_/X
 _3503_/X
 _3504_/X
 _3505_/X
 _3506_/X
 _3507_/Y
 _3508_/X
 _3509_/X
 _3510_/Y
 _3511_/X
 _3512_/X
 _3513_/X
 _3514_/X
 _3515_/X
 _3516_/Y
 _3517_/X
 _3518_/X
 _3519_/X
 _3520_/X
 _3521_/X
 _3522_/X
 _3523_/Y
 _3524_/X
 _3525_/X
 _3526_/X
 _3527_/X
 _3528_/Y
 _3529_/X
 _3530_/X
 _3531_/X
 _3532_/X
 _3533_/X
 _3534_/X
 _3535_/X
 _3536_/X
 _3537_/Y
 _3538_/X
 _3539_/X
 _3540_/X
 _3541_/X
 _3542_/X
 _3543_/X
 _3544_/X
 _3545_/X
 _3546_/Y
 _3547_/X
 _3548_/X
 _3549_/X
 _3550_/X
 _3551_/X
 _3552_/X
 _3553_/X
 _3554_/X
 _3555_/X
 _3556_/X
 _3557_/X
 _3558_/X
 _3559_/X
 _3560_/X
 _3561_/X
 _3562_/Y
 _3563_/X
 _3564_/X
 _3565_/Y
 _3566_/X
 _3567_/X
 _3568_/X
 _3569_/Y
 _3570_/X
 _3571_/X
 _3572_/X
 _3573_/X
 _3574_/X
 _3575_/X
 _3576_/X
 _3577_/Y
 _3578_/X
 _3579_/X
 _3580_/Y
 _3581_/Y
 _3582_/Y
 _3583_/X
 _3584_/X
 _3585_/X
 _3586_/Y
 _3587_/X
 _3588_/Y
 _3589_/Y
 _3590_/X
 _3591_/Y
 _3592_/Y
 _3593_/X
 _3594_/Y
 _3595_/X
 _3596_/X
 _3597_/X
 _3598_/X
 _3599_/X
 _3600_/Y
 _3601_/X
 _3602_/X
 _3603_/X
 _3604_/X
 _3605_/X
 _3606_/Y
 _3607_/X
 _3608_/X
 _3609_/X
 _3610_/X
 _3611_/X
 _3612_/X
 _3613_/X
 _3614_/Y
 _3615_/X
 _3616_/X
 _3617_/X
 _3618_/Y
 _3619_/Y
 _3620_/Y
 _3621_/X
 _3622_/Y
 _3623_/X
 _3624_/X
 _3625_/X
 _3626_/X
 _3627_/X
 _3628_/X
 _3629_/X
 _3630_/X
 _3631_/X
 _3632_/X
 _3633_/X
 _3634_/X
 _3635_/X
 _3636_/X
 _3637_/X
 _3638_/Y
 _3639_/X
 _3640_/Y
 _3641_/X
 _3642_/X
 _3643_/X
 _3644_/X
 _3645_/X
 _3646_/Y
 _3647_/X
 _3648_/X
 _3649_/X
 _3650_/X
 _3651_/X
 _3652_/X
 _3653_/X
 _3654_/X
 _3655_/X
 _3656_/X
 _3657_/X
 _3658_/X
 _3659_/X
 _3660_/X
 _3661_/Y
 _3662_/Y
 _3663_/X
 _3664_/X
 _3665_/Y
 _3666_/X
 _3667_/X
 _3668_/X
 _3669_/X
 _3670_/X
 _3671_/Y
 _3672_/X
 _3673_/X
 _3674_/Y
 _3675_/Y
 _3676_/Y
 _3677_/Y
 _3678_/Y
 _3679_/X
 _3680_/X
 _3681_/X
 _3682_/X
 _3683_/X
 _3684_/X
 _3685_/Y
 _3686_/X
 _3687_/X
 _3688_/Y
 _3689_/Y
 _3690_/X
 _3691_/X
 _3692_/X
 _3693_/Y
 _3694_/X
 _3695_/Y
 _3696_/X
 _3697_/X
 _3698_/X
 _3699_/X
 _3700_/X
 _3701_/X
 _3702_/X
 _3703_/X
 _3704_/X
 _3705_/X
 _3706_/X
 _3707_/X
 _3708_/X
 _3709_/X
 _3710_/Y
 _3711_/X
 _3712_/X
 _3713_/Y
 _3714_/Y
 _3715_/X
 _3716_/X
 _3717_/X
 _3718_/X
 _3719_/Y
 _3720_/X
 _3721_/Y
 _3722_/Y
 _3723_/X
 _3724_/X
 _3725_/X
 _3726_/X
 _3727_/X
 _3728_/X
 _3729_/X
 _3730_/X
 _3731_/X
 _3732_/X
 _3733_/X
 _3734_/X
 _3735_/Y
 _3736_/X
 _3737_/X
 _3738_/X
 _3739_/X
 _3740_/X
 _3741_/X
 _3742_/X
 _3743_/X
 _3744_/Y
 _3745_/X
 _3746_/X
 _3747_/Y
 _3748_/X
 _3749_/Y
 _3750_/X
 _3751_/Y
 _3752_/X
 _3753_/Y
 _3754_/X
 _3755_/Y
 _3756_/Y
 _3757_/X
 _3758_/X
 _3759_/X
 _3760_/X
 _3761_/X
 _3762_/Y
 _3763_/X
 _3764_/X
 _3765_/X
 _3766_/Y
 _3767_/X
 _3768_/X
 _3769_/X
 _3770_/X
 _3771_/X
 _3772_/X
 _3773_/X
 _3774_/X
 _3775_/X
 _3776_/X
 _3777_/X
 _3778_/X
 _3779_/X
 _3780_/X
 _3781_/X
 _3782_/X
 _3783_/X
 _3784_/X
 _3785_/X
 _3786_/X
 _3787_/X
 _3788_/X
 _3789_/X
 _3790_/X
 _3791_/X
 _3792_/X
 _3793_/X
 _3794_/X
 _3795_/X
 _3796_/X
 _3797_/X
 _3798_/X
 _3799_/X
 _3800_/X
 _3801_/X
 _3802_/X
 _3803_/X
 _3804_/X
 _3805_/X
 _3806_/X
 _3807_/X
 _3808_/X
 _3809_/X
 _3810_/X
 _3811_/X
 _3812_/X
 _3813_/X
 _3814_/X
 _3815_/X
 _3816_/X
 _3817_/X
 _3818_/X
 _3819_/X
 _3820_/X
 _3821_/X
 _3822_/X
 _3823_/X
 _3824_/X
 _3825_/X
 _3826_/X
 _3827_/X
 _3828_/X
 _3829_/Y
 _3830_/X
 _3831_/X
 _3832_/X
 _3833_/X
 _3834_/Y
 _3835_/X
 _3836_/X
 _3837_/Y
 _3838_/X
 _3839_/X
 _3840_/X
 _3841_/X
 _3842_/X
 _3843_/Y
 _3844_/X
 _3845_/X
 _3846_/X
 _3847_/X
 _3848_/X
 _3849_/X
 _3850_/Y
 _3851_/X
 _3852_/Y
 _3853_/X
 _3854_/X
 _3855_/Y
 _3856_/X
 _3857_/X
 _3858_/X
 _3859_/X
 _3860_/X
 _3861_/X
 _3862_/X
 _3863_/Y
 _3864_/X
 _3865_/X
 _3866_/X
 _3867_/X
 _3868_/X
 _3869_/Y
 _3870_/X
 _3871_/Y
 _3872_/Y
 _3873_/Y
 _3874_/Y
 _3875_/Y
 _3876_/X
 _3877_/X
 _3878_/Y
 _3879_/Y
 _3880_/X
 _3881_/X
 _3882_/X
 _3883_/X
 _3884_/X
 _3885_/Y
 _3886_/X
 _3887_/X
 _3888_/X
 _3889_/X
 _3890_/X
 _3891_/X
 _3892_/X
 _3893_/X
 _3894_/X
 _3895_/X
 _3896_/X
 _3897_/X
 _3898_/X
 _3899_/X
 _3900_/X
 _3901_/X
 _3902_/X
 _3903_/X
 _3904_/X
 _3905_/X
 _3906_/X
 _3907_/X
 _3908_/X
 _3909_/X
 _3910_/X
 _3911_/X
 _3912_/X
 _3913_/Y
 _3914_/X
 _3915_/Y
 _3916_/X
 _3917_/X
 _3918_/X
 _3919_/Y
 _3920_/X
 _3921_/X
 _3922_/Y
 _3923_/X
 _3924_/X
 _3925_/X
 _3926_/X
 _3927_/X
 _3928_/X
 _3929_/Y
 _3930_/X
 _3931_/X
 _3932_/Y
 _3933_/X
 _3934_/X
 _3935_/X
 _3936_/X
 _3937_/X
 _3938_/X
 _3939_/X
 _3940_/X
 _3941_/X
 _3942_/X
 _3943_/X
 _3944_/X
 _3945_/X
 _3946_/X
 _3947_/X
 _3948_/X
 _3949_/X
 _3950_/X
 _3951_/X
 _3952_/X
 _3953_/X
 _3954_/X
 _3955_/X
 _3956_/X
 _3957_/X
 _3958_/X
 _3959_/X
 _3960_/X
 _3961_/X
 _3962_/X
 _3963_/X
 _3964_/X
 _3965_/X
 _3966_/X
 _3967_/X
 _3968_/X
 _3969_/X
 _3970_/X
 _3971_/X
 _3972_/X
 _3973_/X
 _3974_/X
 _3975_/X
 _3976_/X
 _3977_/X
 _3978_/X
 _3979_/X
 _3980_/Y
 _3981_/X
 _3982_/Y
 _3983_/Y
 _3984_/X
 _3985_/X
 _3986_/Y
 _3987_/X
 _3988_/X
 _3989_/X
 _3990_/X
 _3991_/Y
 _3992_/Y
 _3993_/Y
 _3994_/Y
 _3995_/Y
 _3996_/Y
 _3997_/X
 _3998_/X
 _3999_/X
 _4000_/X
 _4001_/X
 _4002_/X
 _4003_/X
 _4004_/X
 _4005_/X
 _4006_/X
 _4007_/X
 _4008_/X
 _4009_/X
 _4010_/X
 _4011_/X
 _4012_/X
 _4013_/X
 _4014_/X
 _4015_/X
 _4016_/X
 _4017_/X
 _4018_/X
 _4019_/X
 _4020_/X
 _4021_/X
 _4022_/X
 _4023_/X
 _4024_/X
 _4025_/X
 _4026_/X
 _4027_/X
 _4028_/X
 _4029_/X
 _4030_/X
 _4031_/X
 _4032_/X
 _4033_/X
 _4034_/X
 _4035_/X
 _4036_/X
 _4037_/X
 _4038_/X
 _4039_/X
 _4040_/X
 _4041_/X
 _4042_/X
 _4043_/X
 _4044_/X
 _4045_/X
 _4046_/X
 _4047_/X
 _4048_/X
 _4049_/X
 _4050_/X
 _4051_/X
 _4052_/X
 _4053_/X
 _4054_/X
 _4055_/X
 _4056_/X
 _4057_/X
 _4058_/X
 _4059_/X
 _4060_/X
 _4061_/X
 _4062_/X
 _4063_/X
 _4064_/X
 _4065_/X
 _4066_/X
 _4067_/X
 _4068_/X
 _4069_/X
 _4070_/X
 _4071_/X
 _4072_/X
 _4073_/X
 _4074_/X
 _4075_/X
 _4076_/X
 _4077_/X
 _4078_/X
 _4079_/X
 _4080_/X
 _4081_/X
 _4082_/X
 _4083_/X
 _4084_/X
 _4085_/X
 _4086_/X
 _4087_/X
 _4088_/X
 _4089_/X
 _4090_/X
 _4091_/X
 _4092_/X
 _4093_/X
 _4094_/X
 _4095_/X
 _4096_/X
 _4097_/X
 _4098_/X
 _4099_/X
 _4100_/Y
 _4101_/X
 _4102_/X
 _4103_/Y
 _4104_/X
 _4105_/Y
 _4106_/X
 _4107_/X
 _4108_/X
 _4109_/X
 _4110_/X
 _4111_/X
 _4112_/X
 _4113_/X
 _4114_/X
 _4115_/X
 _4116_/X
 _4117_/X
 _4118_/X
 _4119_/X
 _4120_/Y
 _4121_/Y
 _4122_/X
 _4123_/Y
 _4124_/X
 _4125_/X
 _4126_/X
 _4127_/X
 _4128_/X
 _4129_/X
 _4130_/X
 _4131_/X
 _4132_/X
 _4133_/X
 _4134_/X
 _4135_/X
 _4136_/X
 _4137_/X
 _4138_/X
 _4139_/X
 _4140_/X
 _4141_/X
 _4142_/X
 _4143_/X
 _4144_/X
 _4145_/X
 _4146_/X
 _4147_/X
 _4148_/X
 _4149_/X
 _4150_/X
 _4151_/X
 _4152_/X
 _4153_/X
 _4154_/X
 _4155_/X
 _4156_/X
 _4157_/X
 _4158_/X
 _4159_/X
 _4160_/X
 _4161_/X
 _4162_/X
 _4163_/X
 _4164_/X
 _4165_/X
 _4166_/X
 _4167_/X
 _4168_/Y
 _4169_/X
 _4170_/X
 _4171_/X
 _4172_/X
 _4173_/X
 _4174_/X
 _4175_/X
 _4176_/X
 _4177_/X
 _4178_/X
 _4179_/X
 _4180_/X
 _4181_/Y
 _4182_/X
 _4183_/X
 _4184_/Y
 _4185_/X
 _4186_/X
 _4187_/X
 _4188_/X
 _4189_/X
 _4190_/Y
 _4191_/X
 _4192_/X
 _4193_/Y
 _4194_/X
 _4195_/X
 _4196_/X
 _4197_/X
 _4198_/Y
 _4199_/X
 _4200_/X
 _4201_/X
 _4202_/X
 _4203_/X
 _4204_/X
 _4205_/X
 _4206_/X
 _4207_/X
 _4208_/Y
 _4209_/X
 _4210_/X
 _4211_/X
 _4212_/X
 _4213_/Y
 _4214_/X
 _4215_/X
 _4216_/X
 _4217_/X
 _4218_/X
 _4219_/X
 _4220_/X
 _4221_/X
 _4222_/Y
 _4223_/X
 _4224_/X
 _4225_/X
 _4226_/X
 _4227_/X
 _4228_/X
 _4229_/Y
 _4230_/X
 _4231_/Y
 _4232_/X
 _4233_/Y
 _4234_/X
 _4235_/X
 _4236_/X
 _4237_/X
 _4238_/X
 _4239_/X
 _4240_/Y
 _4241_/X
 _4242_/Y
 _4243_/Y
 _4244_/X
 _4245_/X
 _4246_/X
 _4247_/X
 _4248_/X
 _4249_/X
 _4250_/X
 _4251_/X
 _4252_/X
 _4253_/Y
 _4254_/X
 _4255_/X
 _4256_/X
 _4257_/X
 _4258_/X
 _4259_/X
 _4260_/X
 _4261_/X
 _4262_/X
 _4263_/X
 _4264_/X
 _4265_/X
 _4266_/X
 _4267_/X
 _4268_/X
 _4269_/X
 _4270_/X
 _4271_/X
 _4272_/X
 _4273_/X
 _4274_/X
 _4275_/X
 _4276_/X
 _4277_/X
 _4278_/X
 _4279_/X
 _4280_/X
 _4281_/X
 _4282_/X
 _4283_/X
 _4284_/X
 _4285_/X
 _4286_/X
 _4287_/X
 _4288_/X
 _4289_/X
 _4290_/X
 _4291_/X
 _4292_/X
 _4293_/X
 _4294_/X
 _4295_/X
 _4296_/X
 _4297_/X
 _4298_/X
 _4299_/Y
 _4300_/X
 _4301_/X
 _4302_/X
 _4303_/X
 _4304_/X
 _4305_/Y
 _4306_/X
 _4307_/X
 _4308_/Y
 _4309_/Y
 _4310_/X
 _4311_/Y
 _4312_/X
 _4313_/X
 _4314_/X
 _4315_/Y
 _4316_/X
 _4317_/X
 _4318_/X
 _4319_/X
 _4320_/X
 _4321_/X
 _4322_/Y
 _4323_/X
 _4324_/X
 _4325_/Y
 _4326_/X
 _4327_/X
 _4328_/X
 _4329_/Y
 _4330_/X
 _4331_/X
 _4332_/X
 _4333_/X
 _4334_/X
 _4335_/X
 _4336_/Y
 _4337_/X
 _4338_/X
 _4339_/X
 _4340_/X
 _4341_/Y
 _4342_/X
 _4343_/X
 _4344_/X
 _4345_/X
 _4346_/X
 _4347_/Y
 _4348_/X
 _4349_/Y
 _4350_/X
 _4351_/Y
 _4352_/X
 _4353_/Y
 _4354_/X
 _4355_/Y
 _4356_/X
 _4357_/Y
 _4358_/X
 _4359_/Y
 _4360_/X
 _4361_/Y
 _4362_/X
 _4363_/X
 _4364_/X
 _4365_/Y
 _4366_/X
 _4367_/Y
 _4368_/X
 _4369_/Y
 _4370_/X
 _4371_/Y
 _4372_/X
 _4373_/Y
 _4374_/Y
 _4375_/Y
 _4376_/Y
 _4377_/X
 _4378_/X
 _4379_/Y
 _4380_/X
 _4381_/Y
 _4382_/X
 _4383_/X
 _4384_/X
 _4385_/X
 _4386_/X
 _4387_/X
 _4388_/X
 _4389_/X
 _4390_/X
 _4391_/X
 _4392_/X
 _4393_/X
 _4394_/X
 _4395_/X
 _4396_/X
 _4397_/X
 _4398_/X
 _4399_/X
 _4400_/X
 _4401_/X
 _4402_/X
 _4403_/X
 _4404_/X
 _4405_/X
 _4406_/X
 _4407_/X
 _4408_/X
 _4409_/X
 _4410_/X
 _4411_/X
 _4412_/X
 _4413_/X
 _4414_/X
 _4415_/X
 _4416_/X
 _4417_/X
 _4418_/X
 _4419_/X
 _4420_/X
 _4421_/X
 _4422_/X
 _4423_/X
 _4424_/X
 _4425_/X
 _4426_/X
 _4427_/X
 _4428_/X
 _4429_/X
 _4430_/X
 _4431_/X
 _4432_/X
 _4433_/X
 _4434_/X
 _4435_/X
 _4436_/X
 _4437_/X
 _4438_/X
 _4439_/X
 _4440_/X
 _4441_/X
 _4442_/X
 _4443_/X
 _4444_/X
 _4445_/X
 _4446_/X
 _4447_/X
 _4448_/X
 _4449_/X
 _4450_/X
 _4451_/X
 _4452_/X
 _4453_/X
 _4454_/X
 _4455_/X
 _4456_/X
 _4457_/X
 _4458_/Y
 _4459_/X
 _4460_/Y
 _4461_/X
 _4462_/X
 _4463_/X
 _4464_/X
 _4465_/X
 _4466_/X
 _4467_/X
 _4468_/X
 _4469_/X
 _4470_/X
 _4471_/X
 _4472_/X
 _4473_/X
 _4474_/Y
 _4475_/Y
 _4476_/Y
 _4477_/X
 _4478_/X
 _4479_/X
 _4480_/X
 _4481_/Y
 _4482_/X
 _4483_/Y
 _4484_/X
 _4485_/X
 _4486_/X
 _4487_/Y
 _4488_/Y
 _4489_/X
 _4490_/Y
 _4491_/X
 _4492_/X
 _4493_/Y
 _4494_/X
 _4495_/X
 _4496_/X
 _4497_/X
 _4498_/X
 _4499_/X
 _4500_/X
 _4501_/X
 _4502_/X
 _4503_/X
 _4504_/X
 _4505_/X
 _4506_/X
 _4507_/X
 _4508_/X
 _4509_/X
 _4510_/X
 _4511_/X
 _4512_/X
 _4513_/X
 _4514_/X
 _4515_/X
 _4516_/X
 _4517_/X
 _4518_/X
 _4519_/X
 _4520_/X
 _4521_/X
 _4522_/X
 _4523_/X
 _4524_/Y
 _4525_/X
 _4526_/X
 _4527_/X
 _4528_/X
 _4529_/X
 _4530_/Y
 _4531_/X
 _4532_/X
 _4533_/X
 _4534_/X
 _4535_/X
 _4536_/X
 _4537_/X
 _4538_/X
 _4539_/X
 _4540_/X
 _4541_/X
 _4542_/X
 _4543_/X
 _4544_/X
 _4545_/X
 _4546_/X
 _4547_/X
 _4548_/X
 _4549_/X
 _4550_/X
 _4551_/X
 _4552_/X
 _4553_/X
 _4554_/X
 _4555_/X
 _4556_/X
 _4557_/X
 _4558_/X
 _4559_/X
 _4560_/X
 _4561_/X
 _4562_/X
 _4563_/X
 _4564_/X
 _4565_/Y
 _4566_/X
 _4567_/Y
 _4568_/X
 _4569_/X
 _4570_/X
 _4571_/X
 _4572_/X
 _4573_/X
 _4574_/X
 _4575_/X
 _4576_/X
 _4577_/X
 _4578_/X
 _4579_/X
 _4580_/X
 _4581_/X
 _4582_/X
 _4583_/X
 _4584_/X
 _4585_/X
 _4586_/X
 _4587_/X
 _4588_/X
 _4589_/X
 _4590_/X
 _4591_/X
 _4592_/X
 _4593_/X
 _4594_/X
 _4595_/X
 _4596_/X
 _4597_/X
 _4598_/X
 _4599_/X
 _4600_/X
 _4601_/X
 _4602_/X
 _4603_/X
 _4604_/X
 _4605_/X
 _4606_/X
 _4607_/X
 _4608_/X
 _4609_/X
 _4610_/X
 _4611_/X
 _4612_/X
 _4613_/X
 _4614_/X
 _4615_/X
 _4616_/X
 _4617_/X
 _4618_/X
 _4619_/X
 _4620_/X
 _4621_/X
 _4622_/X
 _4623_/X
 _4624_/X
 _4625_/X
 _4626_/X
 _4627_/Y
 _4628_/X
 _4629_/Y
 _4630_/X
 _4631_/X
 _4632_/Y
 _4633_/X
 _4634_/X
 _4635_/X
 _4636_/Y
 _4637_/Y
 _4638_/Y
 _4639_/X
 _4640_/X
 _4641_/Y
 _4642_/X
 _4643_/Y
 _4644_/X
 _4645_/Y
 _4646_/Y
 _4647_/X
 _4648_/X
 _4649_/X
 _4650_/X
 _4651_/Y
 _4652_/X
 _4653_/Y
 _4654_/X
 _4655_/X
 _4656_/X
 _4657_/X
 _4658_/X
 _4659_/X
 _4660_/X
 _4661_/X
 _4662_/X
 _4663_/X
 _4664_/X
 _4665_/X
 _4666_/X
 _4667_/X
 _4668_/X
 _4669_/X
 _4670_/X
 _4671_/X
 _4672_/X
 _4673_/X
 _4674_/X
 _4675_/X
 _4676_/X
 _4677_/X
 _4678_/X
 _4679_/X
 _4680_/X
 _4681_/X
 _4682_/Y
 _4683_/X
 _4684_/X
 _4685_/X
 _4686_/X
 _4687_/Y
 _4688_/X
 _4689_/X
 _4690_/X
 _4691_/X
 _4692_/X
 _4693_/X
 _4694_/X
 _4695_/X
 _4696_/X
 _4697_/X
 _4698_/X
 _4699_/X
 _4700_/X
 _4701_/X
 _4702_/Y
 _4703_/X
 _4704_/Y
 _4705_/X
 _4706_/X
 _4707_/X
 _4708_/X
 _4709_/X
 _4710_/X
 _4711_/X
 _4712_/X
 _4713_/X
 _4714_/X
 _4715_/X
 _4716_/X
 _4717_/X
 _4718_/X
 _4719_/X
 _4720_/X
 _4721_/X
 _4722_/X
 _4723_/X
 _4724_/X
 _4725_/X
 _4726_/X
 _4727_/X
 _4728_/X
 _4729_/X
 _4730_/X
 _4731_/X
 _4732_/X
 _4733_/X
 _4734_/X
 _4735_/X
 _4736_/X
 _4737_/X
 _4738_/X
 _4739_/X
 _4740_/X
 _4741_/X
 _4742_/X
 _4743_/X
 _4744_/X
 _4745_/X
 _4746_/X
 _4747_/X
 _4748_/X
 _4749_/X
 _4750_/X
 _4751_/X
 _4752_/X
 _4753_/X
 _4754_/X
 _4755_/X
 _4756_/X
 _4757_/X
 _4758_/X
 _4759_/X
 _4760_/X
 _4761_/X
 _4762_/X
 _4763_/X
 _4764_/X
 _4765_/X
 _4766_/X
 _4767_/X
 _4768_/X
 _4769_/X
 _4770_/X
 _4771_/X
 _4772_/X
 _4773_/X
 _4774_/X
 _4775_/X
 _4776_/X
 _4777_/X
 _4778_/X
 _4779_/X
 _4780_/X
 _4781_/X
 _4782_/X
 _4783_/X
 _4784_/Y
 _4785_/X
 _4786_/X
 _4787_/X
 _4788_/Y
 _4789_/X
 _4790_/X
 _4791_/X
 _4792_/Y
 _4793_/Y
 _4794_/X
 _4795_/X
 _4796_/X
 _4797_/X
 _4798_/X
 _4799_/X
 _4800_/X
 _4801_/X
 _4802_/X
 _4803_/Y
 _4804_/X
 _4805_/X
 _4806_/X
 _4807_/X
 _4808_/X
 _4809_/X
 _4810_/X
 _4811_/X
 _4812_/X
 _4813_/X
 _4814_/X
 _4815_/X
 _4816_/X
 _4817_/X
 _4818_/X
 _4819_/X
 _4820_/X
 _4821_/X
 _4822_/X
 _4823_/X
 _4824_/X
 _4825_/X
 _4826_/X
 _4827_/X
 _4828_/X
 _4829_/X
 _4830_/X
 _4831_/X
 _4832_/X
 _4833_/X
 _4834_/X
 _4835_/X
 _4836_/X
 _4837_/X
 _4838_/X
 _4839_/X
 _4840_/Y
 _4841_/X
 _4842_/X
 _4843_/X
 _4844_/X
 _4845_/Y
 _4846_/X
 _4847_/X
 _4848_/X
 _4849_/X
 _4850_/X
 _4851_/X
 _4852_/X
 _4853_/X
 _4854_/X
 _4855_/X
 _4856_/X
 _4857_/X
 _4858_/X
 _4859_/X
 _4860_/X
 _4861_/X
 _4862_/X
 _4863_/X
 _4864_/X
 _4865_/X
 _4866_/X
 _4867_/X
 _4868_/X
 _4869_/X
 _4870_/X
 _4871_/X
 _4872_/X
 _4873_/X
 _4874_/X
 _4875_/X
 _4876_/X
 _4877_/X
 _4878_/X
 _4879_/X
 _4880_/X
 _4881_/X
 _4882_/X
 _4883_/X
 _4884_/X
 _4885_/Y
 _4886_/X
 _4887_/X
 _4888_/X
 _4889_/Y
 _4890_/Y
 _4891_/X
 _4892_/Y
 _4893_/X
 _4894_/Y
 _4895_/Y
 _4896_/X
 _4897_/X
 _4898_/X
 _4899_/Y
 _4900_/Y
 _4901_/X
 _4902_/X
 _4903_/X
 _4904_/X
 _4905_/Y
 _4906_/X
 _4907_/X
 _4908_/X
 _4909_/Y
 _4910_/X
 _4911_/X
 _4912_/Y
 _4913_/Y
 _4914_/X
 _4915_/X
 _4916_/X
 _4917_/X
 _4918_/X
 _4919_/X
 _4920_/X
 _4921_/X
 _4922_/X
 _4923_/X
 _4924_/X
 _4925_/X
 _4926_/X
 _4927_/X
 _4928_/X
 _4929_/X
 _4930_/X
 _4931_/X
 _4932_/X
 _4933_/X
 _4934_/X
 _4935_/X
 _4936_/X
 _4937_/X
 _4938_/X
 _4939_/X
 _4940_/X
 _4941_/X
 _4942_/X
 _4943_/X
 _4944_/X
 _4945_/X
 _4946_/X
 _4947_/X
 _4948_/X
 _4949_/X
 _4950_/X
 _4951_/X
 _4952_/X
 _4953_/X
 _4954_/X
 _4955_/X
 _4956_/X
 _4957_/X
 _4958_/X
 _4959_/X
 _4960_/X
 _4961_/X
 _4962_/X
 _4963_/Y
 _4964_/X
 _4965_/Y
 _4966_/X
 _4967_/X
 _4968_/Y
 _4969_/X
 _4970_/X
 _4971_/X
 _4972_/X
 _4973_/X
 _4974_/X
 _4975_/X
 _4976_/X
 _4977_/X
 _4978_/X
 _4979_/X
 _4980_/X
 _4981_/Y
 _4982_/Y
 _4983_/Y
 _4984_/X
 _4985_/X
 _4986_/X
 _4987_/X
 _4988_/X
 _4989_/X
 _4990_/X
 _4991_/X
 _4992_/X
 _4993_/X
 _4994_/X
 _4995_/X
 _4996_/X
 _4997_/X
 _4998_/X
 _4999_/X
 _5000_/X
 _5001_/X
 _5002_/X
 _5003_/X
 _5004_/X
 _5005_/X
 _5006_/X
 _5007_/X
 _5008_/X
 _5009_/X
 _5010_/X
 _5011_/X
 _5012_/X
 _5013_/X
 _5014_/X
 _5015_/X
 _5016_/X
 _5017_/X
 _5018_/X
 _5019_/X
 _5020_/X
 _5021_/X
 _5022_/X
 _5023_/X
 _5024_/X
 _5025_/X
 _5026_/X
 _5027_/X
 _5028_/X
 _5029_/X
 _5030_/X
 _5031_/X
 _5032_/X
 _5033_/X
 _5034_/X
 _5035_/X
 _5036_/X
 _5037_/X
 _5038_/X
 _5039_/X
 _5040_/X
 _5041_/X
 _5042_/X
 _5043_/X
 _5044_/X
 _5045_/X
 _5046_/X
 _5047_/X
 _5048_/X
 _5049_/X
 _5050_/X
 _5051_/Y
 _5052_/X
 _5053_/X
 _5054_/X
 _5055_/X
 _5056_/X
 _5057_/X
 _5058_/X
 _5059_/X
 _5060_/X
 _5061_/X
 _5062_/X
 _5063_/Y
 _5064_/X
 _5065_/X
 _5066_/X
 _5067_/X
 _5068_/X
 _5069_/X
 _5070_/X
 _5071_/X
 _5072_/X
 _5073_/X
 _5074_/X
 _5075_/X
 _5076_/X
 _5077_/X
 _5078_/X
 _5079_/X
 _5080_/X
 _5081_/X
 _5082_/X
 _5083_/X
 _5084_/X
 _5085_/X
 _5086_/X
 _5087_/X
 _5088_/X
 _5089_/X
 _5090_/Y
 _5091_/X
 _5092_/X
 _5093_/X
 _5094_/Y
 _5095_/Y
 _5096_/X
 _5097_/X
 _5098_/X
 _5099_/X
 _5100_/X
 _5101_/X
 _5102_/X
 _5103_/X
 _5104_/X
 _5105_/X
 _5106_/X
 _5107_/X
 _5108_/X
 _5109_/X
 _5110_/X
 _5111_/X
 _5112_/X
 _5113_/X
 _5114_/X
 _5115_/X
 _5116_/X
 _5117_/X
 _5118_/X
 _5119_/X
 _5120_/X
 _5121_/X
 _5122_/X
 _5123_/X
 _5124_/X
 _5125_/X
 _5126_/X
 _5127_/Y
 _5128_/X
 _5129_/Y
 _5130_/X
 _5131_/X
 _5132_/Y
 _5133_/X
 _5134_/X
 _5135_/X
 _5136_/X
 _5137_/X
 _5138_/X
 _5139_/X
 _5140_/X
 _5141_/X
 _5142_/X
 _5143_/X
 _5144_/X
 _5145_/Y
 _5146_/X
 _5147_/Y
 _5148_/X
 _5149_/X
 _5150_/X
 _5151_/X
 _5152_/X
 _5153_/X
 _5154_/X
 _5155_/X
 _5156_/X
 _5157_/X
 _5158_/X
 _5159_/X
 _5160_/X
 _5161_/X
 _5162_/X
 _5163_/X
 _5164_/X
 _5165_/X
 _5166_/X
 _5167_/X
 _5168_/X
 _5169_/X
 _5170_/X
 _5171_/X
 _5172_/X
 _5173_/Y
 _5174_/Y
 _5175_/Y
 _5176_/X
 _5177_/X
 _5178_/X
 _5179_/Y
 _5180_/X
 _5181_/Y
 _5182_/X
 _5183_/Y
 _5184_/X
 _5185_/X
 _5186_/X
 _5187_/X
 _5188_/X
 _5189_/X
 _5190_/X
 _5191_/X
 _5192_/Y
 _5193_/X
 _5194_/X
 _5195_/X
 _5196_/X
 _5197_/X
 _5198_/X
 _5199_/X
 _5200_/X
 _5201_/X
 _5202_/X
 _5203_/X
 _5204_/X
 _5205_/X
 _5206_/X
 _5207_/X
 _5208_/X
 _5209_/X
 _5210_/X
 _5211_/X
 _5212_/X
 _5213_/X
 _5214_/X
 _5215_/X
 _5216_/X
 _5217_/X
 _5218_/X
 _5219_/X
 _5220_/X
 _5221_/X
 _5222_/X
 _5223_/X
 _5224_/X
 _5225_/X
 _5226_/X
 _5227_/X
 _5228_/X
 _5229_/X
 _5230_/X
 _5231_/X
 _5232_/X
 _5233_/X
 _5234_/X
 _5235_/X
 _5236_/X
 _5237_/X
 _5238_/X
 _5239_/X
 _5240_/X
 _5241_/X
 _5242_/X
 _5243_/X
 _5244_/X
 _5245_/X
 _5246_/X
 _5247_/X
 _5248_/X
 _5249_/X
 _5250_/X
 _5251_/X
 _5252_/Y
 _5253_/X
 _5254_/Y
 _5255_/X
 _5256_/X
 _5257_/X
 _5258_/X
 _5259_/X
 _5260_/X
 _5261_/X
 _5262_/X
 _5263_/X
 _5264_/X
 _5265_/X
 _5266_/X
 _5267_/X
 _5268_/X
 _5269_/X
 _5270_/X
 _5271_/X
 _5272_/X
 _5273_/X
 _5274_/X
 _5275_/X
 _5276_/X
 _5277_/X
 _5278_/X
 _5279_/X
 _5280_/X
 _5281_/X
 _5282_/X
 _5283_/X
 _5284_/X
 _5285_/X
 _5286_/X
 _5287_/X
 _5288_/X
 _5289_/X
 _5290_/X
 _5291_/X
 _5292_/X
 _5293_/X
 _5294_/X
 _5295_/X
 _5296_/Y
 _5297_/X
 _5298_/X
 _5299_/X
 _5300_/X
 _5301_/X
 _5302_/X
 _5303_/X
 _5304_/X
 _5305_/X
 _5306_/X
 _5307_/X
 _5308_/X
 _5309_/X
 _5310_/X
 _5311_/X
 _5312_/X
 _5313_/X
 _5314_/X
 _5315_/X
 _5316_/X
 _5317_/X
 _5318_/X
 _5319_/X
 _5320_/X
 _5321_/X
 _5322_/X
 _5323_/X
 _5324_/X
 _5325_/X
 _5326_/X
 _5327_/X
 _5328_/X
 _5329_/X
 _5330_/X
 _5331_/X
 _5332_/X
 _5333_/X
 _5334_/X
 _5335_/X
 _5336_/X
 _5337_/X
 _5338_/X
 _5339_/Y
 _5340_/Y
 _5341_/X
 _5342_/X
 _5343_/X
 _5344_/X
 _5345_/Y
 _5346_/X
 _5347_/X
 _5348_/Y
 _5349_/Y
 _5350_/X
 _5351_/Y
 _5352_/X
 _5353_/X
 _5354_/X
 _5355_/Y
 _5356_/X
 _5357_/Y
 _5358_/Y
 _5359_/X
 _5360_/X
 _5361_/X
 _5362_/Y
 _5363_/X
 _5364_/X
 _5365_/X
 _5366_/X
 _5367_/X
 _5368_/X
 _5369_/X
 _5370_/Y
 _5371_/X
 _5372_/X
 _5373_/X
 _5374_/X
 _5375_/X
 _5376_/X
 _5377_/Y
 _5378_/X
 _5379_/X
 _5380_/X
 _5381_/X
 _5382_/X
 _5383_/Y
 _5384_/X
 _5385_/Y
 _5386_/Y
 _5387_/Y
 _5388_/X
 _5389_/X
 _5390_/Y
 _5391_/X
 _5392_/Y
 _5393_/X
 _5394_/Y
 _5395_/X
 _5396_/Y
 _5397_/X
 _5398_/X
 _5399_/X
 _5400_/X
 _5401_/X
 _5402_/X
 _5403_/X
 _5404_/X
 _5405_/X
 _5406_/X
 _5407_/Y
 _5408_/X
 _5409_/Y
 _5410_/X
 _5411_/Y
 _5412_/Y
 _5413_/X
 _5414_/Y
 _5415_/X
 _5416_/X
 _5417_/Y
 _5418_/X
 _5419_/X
 _5420_/X
 _5421_/Y
 _5422_/X
 _5423_/X
 _5424_/X
 _5425_/X
 _5426_/X
 _5427_/X
 _5428_/X
 _5429_/X
 _5430_/X
 _5431_/X
 _5432_/X
 _5433_/X
 _5434_/X
 _5435_/X
 _5436_/X
 _5437_/X
 _5438_/X
 _5439_/X
 _5440_/X
 _5441_/X
 _5442_/X
 _5443_/X
 _5444_/X
 _5445_/X
 _5446_/X
 _5447_/X
 _5448_/X
 _5449_/X
 _5450_/X
 _5451_/X
 _5452_/X
 _5453_/X
 _5454_/X
 _5455_/X
 _5456_/X
 _5457_/X
 _5458_/X
 _5459_/X
 _5460_/X
 _5461_/X
 _5462_/X
 _5463_/X
 _5464_/X
 _5465_/X
 _5466_/X
 _5467_/X
 _5468_/X
 _5469_/X
 _5470_/X
 _5471_/X
 _5472_/X
 _5473_/X
 _5474_/X
 _5475_/X
 _5476_/Y
 _5477_/X
 _5478_/X
 _5479_/X
 _5480_/X
 _5481_/X
 _5482_/X
 _5483_/X
 _5484_/X
 _5485_/X
 _5486_/X
 _5487_/X
 _5488_/X
 _5489_/X
 _5490_/X
 _5491_/X
 _5492_/X
 _5493_/X
 _5494_/Y
 _5495_/X
 _5496_/X
 _5497_/X
 _5498_/X
 _5499_/X
 _5500_/X
 _5501_/X
 _5502_/X
 _5503_/X
 _5504_/X
 _5505_/Y
 _5506_/X
 _5507_/X
 _5508_/Y
 _5509_/X
 _5510_/Y
 _5511_/Y
 _5512_/Y
 _5513_/X
 _5514_/X
 _5515_/Y
 _5516_/X
 _5517_/Y
 _5518_/X
 _5519_/X
 _5520_/X
 _5521_/X
 _5522_/X
 _5523_/X
 _5524_/X
 _5525_/X
 _5526_/X
 _5527_/X
 _5528_/X
 _5529_/X
 _5530_/X
 _5531_/X
 _5532_/X
 _5533_/X
 _5534_/X
 _5535_/X
 _5536_/Y
 _5537_/X
 _5538_/Y
 _5539_/X
 _5540_/Y
 _5541_/X
 _5542_/Y
 _5543_/X
 _5544_/X
 _5545_/Y
 _5546_/X
 _5547_/Y
 _5548_/X
 _5549_/Y
 _5550_/X
 _5551_/X
 _5552_/Y
 _5553_/X
 _5554_/X
 _5555_/Y
 _5556_/X
 _5557_/X
 _5558_/Y
 _5559_/X
 _5560_/X
 _5561_/Y
 _5562_/X
 _5563_/X
 _5564_/X
 _5565_/Y
 _5566_/X
 _5567_/Y
 _5568_/X
 _5569_/X
 _5570_/X
 _5571_/Y
 _5572_/X
 _5573_/Y
 _5574_/X
 _5575_/Y
 _5576_/Y
 _5577_/X
 _5578_/Y
 _5579_/X
 _5580_/Y
 _5581_/Y
 _5582_/Y
 _5583_/X
 _5584_/X
 _5585_/X
 _5586_/X
 _5587_/X
 _5588_/X
 _5589_/X
 _5590_/X
 _5591_/X
 _5592_/X
 _5593_/Y
 _5594_/X
 _5595_/X
 _5596_/Y
 _5597_/X
 _5598_/Y
 _5599_/X
 _5600_/Y
 _5601_/X
 _5602_/X
 _5603_/X
 _5604_/X
 _5605_/X
 _5606_/Y
 _5607_/X
 _5608_/X
 _5609_/X
 _5610_/Y
 _5611_/Y
 _5612_/X
 _5613_/Y
 _5614_/X
 _5615_/X
 _5616_/X
 _5617_/Y
 _5618_/Y
 _5619_/Y
 _5620_/X
 _5621_/X
 _5622_/X
 _5623_/Y
 _5624_/X
 _5625_/Y
 _5626_/X
 _5627_/Y
 _5628_/X
 _5629_/X
 _5630_/Y
 _5631_/Y
 _5632_/X
 _5633_/Y
 _5634_/X
 _5635_/X
 _5636_/Y
 _5637_/X
 _5638_/X
 _5639_/Y
 _5640_/X
 _5641_/X
 _5642_/X
 _5643_/Y
 _5644_/X
 _5645_/Y
 _5646_/X
 _5647_/X
 _5648_/X
 _5649_/X
 _5650_/X
 _5651_/X
 _5652_/Y
 _5653_/X
 _5654_/X
 _5655_/X
 _5656_/X
 _5657_/X
 _5658_/Y
 _5659_/Y
 _5660_/X
 _5661_/X
 _5662_/Y
 _5663_/X
 _5664_/X
 _5665_/X
 _5666_/Y
 _5667_/Y
 _5668_/X
 _5669_/X
 _5670_/X
 _5671_/X
 _5672_/Y
 _5673_/X
 _5674_/Y
 _5675_/Y
 _5676_/Y
 _5677_/X
 _5678_/Y
 _5679_/Y
 _5680_/X
 _5681_/X
 _5682_/X
 _5683_/Y
 _5684_/Y
 _5685_/Y
 _5686_/X
 _5687_/Y
 _5688_/X
 _5689_/X
 _5690_/X
 _5691_/Y
 _5692_/Y
 _5693_/X
 _5694_/Y
 _5695_/X
 _5696_/X
 _5697_/Y
 _5698_/Y
 _5699_/X
 _5700_/X
 _5701_/Y
 _5702_/Y
 _5703_/X
 _5704_/Y
 _5705_/X
 _5706_/X
 _5707_/Y
 _5708_/X
 _5709_/X
 _5710_/X
 _5711_/Y
 _5712_/Y
 _5713_/X
 _5714_/Y
 _5715_/Y
 _5716_/X
 _5717_/X
 _5718_/X
 _5719_/X
 _5720_/X
 _5721_/X
 _5722_/Y
 _5723_/X
 _5724_/X
 _5725_/X
 _5726_/X
 _5727_/Y
 _5728_/X
 _5729_/X
 _5730_/X
 _5731_/Y
 _5732_/Y
 _5733_/X
 _5734_/X
 _5735_/X
 _5736_/X
 _5737_/Y
 _5738_/Y
 _5739_/Y
 _5740_/X
 _5741_/Y
 _5742_/X
 _5743_/X
 _5744_/X
 _5745_/X
 _5746_/Y
 _5747_/Y
 _5748_/X
 _5749_/Y
 _5750_/X
 _5751_/Y
 _5752_/X
 _5753_/X
 _5754_/Y
 _5755_/Y
 _5756_/Y
 _5757_/X
 _5758_/Y
 _5759_/X
 _5760_/Y
 _5761_/X
 _5762_/Y
 _5763_/X
 _5764_/X
 _5765_/X
 _5766_/X
 _5767_/X
 _5768_/Y
 _5769_/X
 _5770_/Y
 _5771_/X
 _5772_/X
 _5773_/X
 _5774_/X
 _5775_/X
 _5776_/Y
 _5777_/X
 _5778_/X
 _5779_/Y
 _5780_/X
 _5781_/X
 _5782_/Y
 _5783_/Y
 _5784_/Y
 _5785_/X
 _5786_/X
 _5787_/Y
 _5788_/Y
 _5789_/X
 _5790_/Y
 _5791_/X
 _5792_/Y
 _5793_/X
 _5794_/X
 _5795_/X
 _5796_/Y
 _5797_/Y
 _5798_/Y
 _5799_/X
 _5800_/Y
 _5801_/Y
 _5802_/Y
 _5803_/X
 _5804_/X
 _5805_/X
 _5806_/Y
 _5807_/X
 _5808_/X
 _5809_/X
 _5810_/X
 _5811_/X
 _5812_/X
 _5813_/X
 _5814_/X
 _5815_/X
 _5816_/X
 _5817_/X
 _5818_/X
 _5819_/X
 _5820_/X
 _5821_/X
 _5822_/X
 _5823_/X
 _5824_/X
 _5825_/X
 _5826_/X
 _5827_/X
 _5828_/Y
 _5829_/X
 _5830_/X
 _5831_/X
 _5832_/Y
 _5833_/X
 _5834_/X
 _5835_/X
 _5836_/X
 _5837_/X
 _5838_/X
 _5839_/X
 _5840_/X
 _5841_/X
 _5842_/X
 _5843_/X
 _5844_/X
 _5845_/X
 _5846_/X
 _5847_/X
 _5848_/X
 _5849_/X
 _5850_/X
 _5851_/X
 _5852_/X
 _5853_/X
 _5854_/X
 _5855_/X
 _5856_/X
 _5857_/X
 _5858_/X
 _5859_/X
 _5860_/X
 _5861_/X
 _5862_/X
 _5863_/X
 _5864_/Y
 _5865_/X
 _5866_/X
 _5867_/Y
 _5868_/X
 _5869_/X
 _5870_/X
 _5871_/X
 _5872_/X
 _5873_/X
 _5874_/X
 _5875_/X
 _5876_/X
 _5877_/X
 _5878_/X
 _5879_/X
 _5880_/X
 _5881_/Y
 _5882_/Y
 _5883_/X
 _5884_/X
 _5885_/Y
 _5886_/X
 _5887_/X
 _5888_/X
 _5889_/X
 _5890_/X
 _5891_/X
 _5892_/X
 _5893_/X
 _5894_/X
 _5895_/X
 _5896_/X
 _5897_/X
 _5898_/X
 _5899_/X
 _5900_/X
 _5901_/X
 _5902_/X
 _5903_/X
 _5904_/X
 _5905_/X
 _5906_/X
 _5907_/X
 _5908_/X
 _5909_/X
 _5910_/X
 _5911_/X
 _5912_/X
 _5913_/X
 _5914_/X
 _5915_/X
 _5916_/X
 _5917_/X
 _5918_/X
 _5919_/X
 _5920_/X
 _5921_/X
 _5922_/X
 _5923_/X
 _5924_/X
 _5925_/X
 _5926_/X
 _5927_/X
 _5928_/X
 _5929_/X
 _5930_/X
 _5931_/X
 _5932_/X
 _5933_/X
 _5934_/X
 _5935_/X
 _5936_/X
 _5937_/X
 _5938_/X
 _5939_/X
 _5940_/X
 _5941_/X
 _5942_/X
 _5943_/X
 _5944_/X
 _5945_/X
 _5946_/X
 _5947_/X
 _5948_/X
 _5949_/X
 _5950_/X
 _5951_/X
 _5952_/X
 _5953_/X
 _5954_/X
 _5955_/X
 _5956_/X
 _5957_/X
 _5958_/X
 _5959_/X
 _5960_/X
 _5961_/X
 _5962_/Y
 _5963_/X
 _5964_/X
 _5965_/X
 _5966_/Y
 _5967_/Y
 _5968_/X
 _5969_/X
 _5970_/X
 _5971_/X
 _5972_/Y
 _5973_/X
 _5974_/X
 _5975_/X
 _5976_/X
 _5977_/X
 _5978_/X
 _5979_/X
 _5980_/X
 _5981_/X
 _5982_/X
 _5983_/X
 _5984_/X
 _5985_/X
 _5986_/X
 _5987_/X
 _5988_/X
 _5989_/X
 _5990_/X
 _5991_/X
 _5992_/X
 _5993_/X
 _5994_/X
 _5995_/X
 _5996_/X
 _5997_/X
 _5998_/X
 _5999_/X
 _6000_/X
 _6001_/X
 _6002_/X
 _6003_/X
 _6004_/X
 _6005_/X
 _6006_/X
 _6007_/X
 _6008_/X
 _6009_/X
 _6010_/X
 _6011_/X
 _6012_/X
 _6013_/X
 _6014_/Y
 _6015_/Y
 _6016_/X
 _6017_/X
 _6018_/X
 _6019_/X
 _6020_/Y
 _6021_/X
 _6022_/X
 _6023_/X
 _6024_/X
 _6025_/X
 _6026_/X
 _6027_/X
 _6028_/X
 _6029_/X
 _6030_/X
 _6031_/X
 _6032_/X
 _6033_/X
 _6034_/Y
 _6035_/X
 _6036_/X
 _6037_/X
 _6038_/Y
 _6039_/X
 _6040_/X
 _6041_/X
 _6042_/X
 _6043_/X
 _6044_/X
 _6045_/X
 _6046_/X
 _6047_/X
 _6048_/Y
 _6049_/X
 _6050_/Y
 _6051_/X
 _6052_/Y
 _6053_/Y
 _6054_/X
 _6055_/Y
 _6056_/X
 _6057_/X
 _6058_/Y
 _6059_/X
 _6060_/X
 _6061_/Y
 _6062_/X
 _6063_/X
 _6064_/Y
 _6065_/X
 _6066_/X
 _6067_/X
 _6068_/X
 _6069_/X
 _6070_/X
 _6071_/X
 _6072_/X
 _6073_/X
 _6074_/X
 _6075_/X
 _6076_/X
 _6077_/X
 _6078_/X
 _6079_/X
 _6080_/X
 _6081_/X
 _6082_/X
 _6083_/X
 _6084_/X
 _6085_/X
 _6086_/X
 _6087_/X
 _6088_/X
 _6089_/X
 _6090_/X
 _6091_/X
 _6092_/X
 _6093_/X
 _6094_/X
 _6095_/X
 _6096_/X
 _6097_/X
 _6098_/X
 _6099_/X
 _6100_/X
 _6101_/X
 _6102_/X
 _6103_/X
 _6104_/X
 _6105_/X
 _6106_/X
 _6107_/X
 _6108_/X
 _6109_/X
 _6110_/X
 _6111_/X
 _6112_/X
 _6113_/X
 _6114_/X
 _6115_/X
 _6116_/X
 _6117_/X
 _6118_/X
 _6119_/X
 _6120_/X
 _6121_/X
 _6122_/X
 _6123_/X
 _6124_/X
 _6125_/X
 _6126_/X
 _6127_/X
 _6128_/X
 _6129_/X
 _6130_/X
 _6131_/X
 _6132_/X
 _6133_/X
 _6134_/X
 _6135_/X
 _6136_/Y
 _6137_/X
 _6138_/X
 _6139_/Y
 _6140_/X
 _6141_/X
 _6142_/Y
 _6143_/X
 _6144_/X
 _6145_/X
 _6146_/Y
 _6147_/X
 _6148_/X
 _6149_/X
 _6150_/Y
 _6151_/X
 _6152_/X
 _6153_/Y
 _6154_/X
 _6155_/X
 _6156_/X
 _6157_/Y
 _6158_/X
 _6159_/X
 _6160_/X
 _6161_/X
 _6162_/X
 _6163_/X
 _6164_/X
 _6165_/X
 _6166_/X
 _6167_/X
 _6168_/X
 _6169_/X
 _6170_/X
 _6171_/X
 _6172_/X
 _6173_/Y
 _6174_/X
 _6175_/X
 _6176_/Y
 _6177_/Y
 _6178_/X
 _6179_/X
 _6180_/X
 _6181_/X
 _6182_/X
 _6183_/X
 _6184_/X
 _6185_/X
 _6186_/X
 _6187_/X
 _6188_/X
 _6189_/X
 _6190_/X
 _6191_/X
 _6192_/X
 _6193_/X
 _6194_/X
 _6195_/X
 _6196_/X
 _6197_/X
 _6198_/X
 _6199_/X
 _6200_/X
 _6201_/X
 _6202_/X
 _6203_/X
 _6204_/X
 _6205_/X
 _6206_/X
 _6207_/X
 _6208_/X
 _6209_/Y
 _6210_/X
 _6211_/X
 _6212_/Y
 _6213_/X
 _6214_/X
 _6215_/X
 _6216_/X
 _6217_/X
 _6218_/X
 _6219_/X
 _6220_/X
 _6221_/X
 _6222_/X
 _6223_/X
 _6224_/X
 _6225_/Y
 _6226_/X
 _6227_/X
 _6228_/X
 _6229_/Y
 _6230_/X
 _6231_/X
 _6232_/X
 _6233_/X
 _6234_/X
 _6235_/X
 _6236_/X
 _6237_/X
 _6238_/X
 _6239_/X
 _6240_/X
 _6241_/X
 _6242_/X
 _6243_/X
 _6244_/X
 _6245_/X
 _6246_/X
 _6247_/X
 _6248_/X
 _6249_/X
 _6250_/X
 _6251_/Y
 _6252_/X
 _6253_/X
 _6254_/X
 _6255_/X
 _6256_/X
 _6257_/X
 _6258_/X
 _6259_/X
 _6260_/X
 _6261_/X
 _6262_/X
 _6263_/X
 _6264_/X
 _6265_/X
 _6266_/X
 _6267_/X
 _6268_/X
 _6269_/X
 _6270_/X
 _6271_/X
 _6272_/X
 _6273_/X
 _6274_/X
 _6275_/X
 _6276_/X
 _6277_/X
 _6278_/X
 _6279_/X
 _6280_/X
 _6281_/X
 _6282_/X
 _6283_/X
 _6284_/X
 _6285_/X
 _6286_/X
 _6287_/X
 _6288_/X
 _6289_/X
 _6290_/X
 _6291_/X
 _6292_/X
 _6293_/X
 _6294_/X
 _6295_/X
 _6296_/X
 _6297_/Y
 _6298_/X
 _6299_/Q
 _6300_/Q
 _6301_/Q
 _6302_/Q
 _6303_/Q
 _6304_/Q
 _6305_/Q
 _6306_/Q
 _6307_/Q
 _6308_/Q
 _6309_/Q
 _6310_/Q
 _6311_/Q
 _6312_/Q
 _6313_/Q
 _6314_/Q
 _6315_/Q
 _6316_/Q
 _6317_/Q
 _6318_/Q
 _6319_/Q
 _6320_/Q
 _6321_/Q
 _6322_/Q
 _6323_/Q
 _6324_/Q
 _6325_/Q
 _6326_/Q
 _6327_/Q
 _6328_/Q
 _6329_/Q
 _6330_/Q
 _6331_/Q
 _6332_/Q
 _6333_/Q
 _6334_/Q
 _6335_/Q
 _6336_/Q
 _6337_/Q
 _6338_/Q
 _6339_/Q
 _6340_/Q
 _6341_/Q
 _6342_/Q
 _6343_/Q
 _6344_/Q
 _6345_/Q
 _6346_/Q
 _6347_/Q
 _6348_/Q
 _6349_/Q
 _6350_/Q
 _6351_/Q
 _6352_/Q
 _6353_/Q
 _6354_/Q
 _6355_/Q
 _6356_/Q
 _6357_/Q
 _6358_/Q
 _6359_/Q
 _6360_/Q
 _6361_/Q
 _6362_/Q
 _6363_/Q
 _6364_/Q
 _6365_/Q
 _6366_/Q
 _6367_/Q
 _6368_/Q
 _6369_/Q
 _6370_/Q
 _6371_/Q
 _6372_/Q
 _6373_/Q
 _6374_/Q
 _6375_/Q
 _6376_/Q
 _6377_/Q
 _6378_/Q
 _6379_/Q
 _6380_/Q
 _6381_/Q
 _6382_/Q
 _6383_/Q
 _6384_/Q
 _6385_/Q
 _6386_/Q
 _6387_/Q
 _6388_/Q
 _6389_/Q
 _6390_/Q
 _6391_/Q
 _6392_/Q
 _6393_/Q
 _6394_/Q
 _6395_/Q
 _6396_/Q
 _6397_/Q
 _6398_/Q
 _6399_/Q
 _6400_/Q
 _6401_/Q
 _6402_/Q
 _6403_/Q
 _6404_/Q
 _6405_/Q
 _6406_/Q
 _6407_/Q
 _6408_/Q
 _6409_/Q
 _6410_/Q
 _6411_/Q
 _6412_/Q
 _6413_/Q
 _6414_/Q
 _6415_/Q
 _6416_/Q
 _6417_/Q
 _6418_/Q
 _6419_/Q
 _6420_/Q
 _6421_/Q
 _6422_/Q
 _6423_/Q
 _6424_/Q
 _6425_/Q
 _6426_/Q
 _6427_/Q
 _6428_/Q
 _6429_/Q
 _6430_/Q
 _6431_/Q
 _6432_/Q
 _6433_/Q
 _6434_/Q
 _6435_/Q
 _6436_/Q
 _6437_/Q
 _6438_/Q
 _6439_/Q
 _6440_/Q
 _6441_/Q
 _6442_/Q
 _6443_/Q
 _6444_/Q
 _6445_/Q
 _6446_/Q
 _6447_/Q
 _6448_/Q
 _6449_/Q
 _6450_/Q
 _6451_/Q
 _6452_/Q
 _6453_/Q
 _6454_/Q
 _6455_/Q
 _6456_/Q
 _6457_/Q
 _6458_/Q
 _6459_/Q
 _6460_/Q
 _6461_/Q
 _6462_/Q
 _6463_/Q
 _6464_/Q
 _6465_/Q
 _6466_/Q
 _6467_/Q
 _6468_/Q
 _6469_/Q
 _6470_/Q
 _6471_/Q
 _6472_/Q
 _6473_/Q
 _6474_/Q
 _6475_/Q
 _6476_/Q
 _6477_/Q
 _6478_/Q
 _6479_/Q
 _6480_/Q
 _6481_/Q
 _6482_/Q
 _6483_/Q
 _6484_/Q
 _6485_/Q
 _6486_/Q
 _6487_/Q
 _6488_/Q
 _6489_/Q
 _6490_/Q
 _6491_/Q
 _6492_/Q
 _6493_/Q
 _6494_/Q
 _6495_/Q
 _6496_/Q
 _6497_/Q
 _6498_/Q
 _6499_/Q
 _6500_/Q
 _6501_/Q
 _6502_/Q
 _6503_/Q
 _6504_/Q
 _6505_/Q
 _6506_/Q
 _6507_/Q
 _6508_/Q
 _6509_/Q
 _6510_/Q
 _6511_/Q
 _6512_/Q
 _6513_/Q
 _6514_/Q
 _6515_/Q
 _6516_/Q
 _6517_/Q
 _6518_/Q
 _6519_/Q
 _6520_/Q
 _6521_/Q
 _6522_/Q
 _6523_/Q
 _6524_/Q
 _6525_/Q
 _6526_/Q
 _6527_/Q
 _6528_/Q
 _6529_/Q
 _6530_/Q
 _6531_/Q
 _6532_/Q
 _6533_/Q
 _6534_/Q
 _6535_/Q
 _6536_/Q
 _6537_/Q
 _6538_/Q
 _6539_/Q
 _6540_/Q
 _6541_/Q
 _6542_/Q
 _6543_/Q
 _6544_/Q
 _6545_/Q
 _6546_/Q
 _6547_/Q
 _6548_/Q
 _6549_/Q
 _6550_/Q
 _6551_/Q
 _6552_/Q
 _6553_/Q
 _6554_/Q
 _6555_/Q
 _6556_/Q
 _6557_/Q
 _6558_/Q
 _6559_/Q
 _6560_/Q
 _6561_/Q
 _6562_/Q
 _6563_/Q
 _6564_/Q
 _6565_/Q
 _6566_/Q
 _6567_/Q
 _6568_/Q
 _6569_/Q
 _6570_/Q
 _6571_/Q
 _6572_/Q
 _6573_/Q
 _6574_/Q
 _6575_/Q
 _6576_/Q
 _6577_/Q
 _6578_/Q
 _6579_/Q
 _6580_/Q
 _6581_/Q
 _6582_/Q
 _6583_/Q
 _6584_/Q
 _6585_/Q
 _6586_/Q
 _6587_/Q
 _6588_/Q
 _6589_/Q
 _6590_/Q
 _6591_/Q
 _6592_/Q
 _6593_/Q
 _6594_/Q
 _6595_/Q
 _6596_/Q
 _6597_/Q
 _6598_/Q
 _6599_/Q
 _6600_/Q
 _6601_/Q
 _6602_/Q
 _6603_/Q
 _6604_/Q
 _6605_/Q
 _6606_/Q
 _6607_/Q
 _6608_/Q
 _6609_/Q
 _6610_/Q
 _6611_/Q
 _6612_/Q
 _6613_/Q
 _6614_/Q
 _6615_/Q
 _6616_/Q
 _6617_/Q
 _6618_/Q
 _6619_/Q
 _6620_/Q
 _6621_/Q
 _6622_/Q
 _6623_/Q
 _6624_/Q
 _6625_/Q
 _6626_/Q
 _6627_/Q
 _6628_/Q
 _6629_/Q
 _6630_/Q
 _6631_/Q
 _6632_/Q
 _6633_/Q
 _6634_/Q
 _6635_/Q
 _6636_/Q
 _6637_/Q
 _6638_/Q
 _6639_/Q
 _6640_/Q
 _6641_/Q
 _6642_/Q
 _6643_/Q
 _6644_/Q
 _6645_/Q
 _6646_/Q
 _6647_/Q
 _6648_/Q
 _6649_/Q
 _6650_/Q
 _6651_/Q
 _6652_/Q
 _6653_/Q
 _6654_/Q
 _6655_/Q
 _6656_/Q
 _6657_/Q
 _6658_/Q
 _6659_/Q
 _6660_/Q
 _6661_/Q
 _6662_/Q
 _6663_/Q
 _6664_/Q
 _6665_/Q
 _6666_/Q
 _6667_/Q
 _6668_/Q
 _6669_/Q
 _6670_/Q
 _6671_/Q
 _6672_/Q
 _6673_/Q
 _6674_/Q
 _6675_/Q
 _6676_/Q
 _6677_/Q
 _6678_/Q
 _6679_/Q
 _6680_/Q
 _6681_/Q
 _6682_/Q
 _6683_/Q
 _6684_/Q
 _6685_/Q
 _6686_/Q
 _6687_/Q
 _6688_/Q
 _6689_/Q
 _6690_/Q
 _6691_/Q
 _6692_/Q
 _6693_/Q
 _6694_/Q
 _6695_/Q
 _6696_/Q
 _6697_/Q
 _6698_/Q
 _6699_/Q
 _6700_/Q
 _6701_/Q
 _6702_/Q
 _6703_/Q
 _6704_/Q
 _6705_/Q
 _6706_/Q
 _6707_/Q
 _6708_/Q
 _6709_/Q
 _6710_/Q
 _6711_/Q
 _6712_/Q
 _6713_/Q
 _6714_/Q
 _6715_/Q
 _6716_/Q
 _6717_/Q
 _6718_/Q
 _6719_/Q
 _6720_/Q
 _6721_/Q
 _6722_/Q
 _6723_/Q
 _6724_/Q
 _6725_/Q
 _6726_/Q
 _6727_/Q
 _6728_/Q
 _6729_/Q
 _6730_/Q
 _6731_/Q
 _6732_/Q
 _6733_/Q
 _6734_/Q
 _6735_/Q
 _6736_/Q
 _6737_/Q
 _6738_/Q
 _6739_/Q
 _6740_/Q
 _6741_/Q
 _6742_/Q
 _6743_/Q
 _6744_/Q
 _6745_/Q
 _6746_/Q
 _6747_/Q
 _6748_/Q
 _6749_/Q
 _6750_/Q
 _6751_/Q
 _6752_/Q
 _6753_/Q
 _6754_/Q
 _6755_/Q
 _6756_/Q
 _6757_/Q
 _6758_/Q
 _6759_/Q
 _6760_/Q
 _6761_/Q
 _6762_/Q
 _6763_/Q
 _6764_/Q
 _6765_/Q
 _6766_/Q
 _6767_/Q
 _6768_/Q
 _6769_/Q
 _6770_/Q
 _6771_/Q
 _6772_/Q
 _6773_/Q
 _6774_/Q
 _6775_/Q
 _6776_/Q
 _6777_/Q
 _6778_/Q
 _6779_/Q
 _6780_/Q
 _6781_/Q
 _6782_/Q
 _6783_/Q
 _6784_/Q
 _6785_/Q
 _6786_/Q
 _6787_/Q
 _6788_/Q
 _6789_/Q
 _6790_/Q
 _6791_/Q
 _6792_/Q
 _6793_/Q
 _6794_/Q
 _6795_/Q
 _6796_/Q
 _6797_/Q
 _6798_/Q
 _6799_/Q
 _6800_/Q
 _6801_/Q
 _6802_/Q
 _6803_/Q
 _6804_/Q
 _6805_/Q
 _6806_/Q
 _6807_/Q
 _6808_/Q
 _6809_/Q
 _6810_/Q
 _6811_/Q
 _6812_/Q
 _6813_/Q
 _6814_/Q
 _6815_/Q
 _6816_/Q
 _6817_/Q
 _6818_/Q
 _6819_/Q
 _6820_/Q
 _6821_/Q
 _6822_/Q
 _6823_/Q
 _6824_/Q
 _6825_/Q
 _6826_/Q
 _6827_/Q
 _6828_/Q
 _6829_/Q
 _6830_/Q
 _6831_/Q
 _6832_/Q
 _6833_/Q
 _6834_/Q
 _6835_/Q
 _6836_/Q
 _6837_/Q
 _6838_/Q
 _6839_/Q
 _6840_/Q
 _6841_/Q
 _6842_/Q
 _6843_/Q
 _6844_/Q
 _6845_/Q
 _6846_/Q
 _6847_/Q
 _6848_/Q
 _6849_/Q
 _6850_/Q
 _6851_/Q
 _6852_/Q
 _6853_/Q
 _6854_/Q
 _6855_/Q
 _6856_/Q
 _6857_/Q
 _6858_/Q
 _6859_/Q
 _6860_/Q
 _6861_/Q
 _6862_/Q
 _6863_/Q
 _6864_/Q
 _6865_/Q
 _6866_/Q
 _6867_/Q
 _6868_/Q
 _6869_/Q
 _6870_/Q
 _6871_/Q
 _6872_/Q
 _6873_/Q
 _6874_/Q
 _6875_/Q
 _6876_/Q
 _6877_/Q
 _6878_/Q
 _6879_/Q
 _6880_/Q
 _6881_/Q
 _6882_/Q
 _6883_/Q
 _6884_/Q
 _6885_/Q
 _6886_/Q
 _6887_/Q
 _6888_/Q
 _6889_/Q
 _6890_/Q
 _6891_/Q
 _6892_/Q
 _6893_/Q
 _6894_/Q
 _6895_/Q
 _6896_/Q
 _6897_/Q
 _6898_/Q
 _6899_/Q
 _6900_/Q
 _6901_/Q
 _6902_/Q
 _6903_/Q
 _6904_/Q
 _6905_/Q
 _6906_/Q
 _6907_/Q
 _6908_/Q
 _6909_/Q
 _6910_/Q
 _6911_/Q
 _6912_/Q
 _6913_/Q
 _6914_/Q
 _6915_/Q
 _6916_/Q
 _6917_/Q
 _6918_/Q
 _6919_/Q
 _6920_/Q
 _6921_/Q
 _6922_/Q
 _6923_/Q
 _6924_/Q
 _6925_/Q
 _6926_/Q
 _6927_/Q
 _6928_/Q
 _6929_/Q
 _6930_/Q
 _6931_/Q
 _6932_/Q
 _6933_/Q
 _6934_/Q
 _6935_/Q
 _6936_/Q
 _6937_/Q
 _6938_/Q
 _6939_/Q
 _6940_/Q
 _6941_/Q
 _6942_/Q
 _6943_/Q
 _6944_/Q
 _6945_/Q
 _6946_/Q
 _6947_/Q
 _6948_/Q
 _6949_/Q
 _6950_/Q
 _6951_/Q
 _6952_/Q
 _6953_/Q
 _6954_/Q
 _6955_/Q
 _6956_/Q
 _6957_/Q
 _6958_/Q
 _6959_/Q
 _6960_/Q
 _6961_/Q
 _6962_/Q
 _6963_/Q
 _6964_/Q
 _6965_/Q
 _6966_/Q
 _6967_/Q
 _6968_/Q
 _6969_/Q
 _6970_/Q
 _6971_/Q
 _6972_/Q
 _6973_/Q
 _6974_/Q
 _6975_/Q
 _6976_/Q
 _6977_/Q
 _6978_/Q
 _6979_/Q
 _6980_/Q
 _6981_/Q
 _6982_/Q
 _6983_/Q
 _6984_/Q
 _6985_/Q
 _6986_/Q
 _6987_/Q
 _6988_/Q
 _6989_/Q
 _6990_/Q
 _6991_/Q
 _6992_/Q
 _6993_/Q
 _6994_/Q
 _6995_/Q
 _6996_/Q
 _6997_/Q
 _6998_/Q
 _6999_/Q
 _7000_/Q
 _7001_/Q
 _7002_/Q
 _7003_/Q
 clkbuf_0_clk/X
 clkbuf_3_0__f_clk/X
 clkbuf_3_1__f_clk/X
 clkbuf_3_2__f_clk/X
 clkbuf_3_3__f_clk/X
 clkbuf_3_4__f_clk/X
 clkbuf_3_5__f_clk/X
 clkbuf_3_6__f_clk/X
 clkbuf_3_7__f_clk/X
 clkbuf_leaf_0_clk/X
 clkbuf_leaf_100_clk/X
 clkbuf_leaf_101_clk/X
 clkbuf_leaf_102_clk/X
 clkbuf_leaf_10_clk/X
 clkbuf_leaf_11_clk/X
 clkbuf_leaf_12_clk/X
 clkbuf_leaf_13_clk/X
 clkbuf_leaf_14_clk/X
 clkbuf_leaf_15_clk/X
 clkbuf_leaf_16_clk/X
 clkbuf_leaf_17_clk/X
 clkbuf_leaf_18_clk/X
 clkbuf_leaf_19_clk/X
 clkbuf_leaf_1_clk/X
 clkbuf_leaf_20_clk/X
 clkbuf_leaf_21_clk/X
 clkbuf_leaf_22_clk/X
 clkbuf_leaf_23_clk/X
 clkbuf_leaf_24_clk/X
 clkbuf_leaf_25_clk/X
 clkbuf_leaf_26_clk/X
 clkbuf_leaf_27_clk/X
 clkbuf_leaf_28_clk/X
 clkbuf_leaf_29_clk/X
 clkbuf_leaf_2_clk/X
 clkbuf_leaf_30_clk/X
 clkbuf_leaf_31_clk/X
 clkbuf_leaf_32_clk/X
 clkbuf_leaf_33_clk/X
 clkbuf_leaf_34_clk/X
 clkbuf_leaf_35_clk/X
 clkbuf_leaf_36_clk/X
 clkbuf_leaf_37_clk/X
 clkbuf_leaf_38_clk/X
 clkbuf_leaf_39_clk/X
 clkbuf_leaf_3_clk/X
 clkbuf_leaf_40_clk/X
 clkbuf_leaf_41_clk/X
 clkbuf_leaf_42_clk/X
 clkbuf_leaf_43_clk/X
 clkbuf_leaf_44_clk/X
 clkbuf_leaf_45_clk/X
 clkbuf_leaf_46_clk/X
 clkbuf_leaf_47_clk/X
 clkbuf_leaf_48_clk/X
 clkbuf_leaf_49_clk/X
 clkbuf_leaf_4_clk/X
 clkbuf_leaf_50_clk/X
 clkbuf_leaf_51_clk/X
 clkbuf_leaf_52_clk/X
 clkbuf_leaf_53_clk/X
 clkbuf_leaf_54_clk/X
 clkbuf_leaf_55_clk/X
 clkbuf_leaf_56_clk/X
 clkbuf_leaf_57_clk/X
 clkbuf_leaf_58_clk/X
 clkbuf_leaf_59_clk/X
 clkbuf_leaf_5_clk/X
 clkbuf_leaf_60_clk/X
 clkbuf_leaf_61_clk/X
 clkbuf_leaf_62_clk/X
 clkbuf_leaf_63_clk/X
 clkbuf_leaf_64_clk/X
 clkbuf_leaf_65_clk/X
 clkbuf_leaf_66_clk/X
 clkbuf_leaf_67_clk/X
 clkbuf_leaf_68_clk/X
 clkbuf_leaf_69_clk/X
 clkbuf_leaf_6_clk/X
 clkbuf_leaf_70_clk/X
 clkbuf_leaf_71_clk/X
 clkbuf_leaf_72_clk/X
 clkbuf_leaf_73_clk/X
 clkbuf_leaf_74_clk/X
 clkbuf_leaf_76_clk/X
 clkbuf_leaf_77_clk/X
 clkbuf_leaf_78_clk/X
 clkbuf_leaf_79_clk/X
 clkbuf_leaf_7_clk/X
 clkbuf_leaf_80_clk/X
 clkbuf_leaf_81_clk/X
 clkbuf_leaf_82_clk/X
 clkbuf_leaf_83_clk/X
 clkbuf_leaf_84_clk/X
 clkbuf_leaf_85_clk/X
 clkbuf_leaf_86_clk/X
 clkbuf_leaf_87_clk/X
 clkbuf_leaf_88_clk/X
 clkbuf_leaf_89_clk/X
 clkbuf_leaf_8_clk/X
 clkbuf_leaf_90_clk/X
 clkbuf_leaf_91_clk/X
 clkbuf_leaf_92_clk/X
 clkbuf_leaf_93_clk/X
 clkbuf_leaf_94_clk/X
 clkbuf_leaf_95_clk/X
 clkbuf_leaf_96_clk/X
 clkbuf_leaf_97_clk/X
 clkbuf_leaf_98_clk/X
 clkbuf_leaf_99_clk/X
 clkbuf_leaf_9_clk/X
 clkload0/X
 clkload1/X
 clkload10/Y
 clkload11/Y
 clkload12/Y
 clkload13/Y
 clkload14/Y
 clkload15/Y
 clkload16/Y
 clkload17/Y
 clkload18/Y
 clkload19/Y
 clkload2/X
 clkload20/Y
 clkload21/Y
 clkload22/Y
 clkload23/Y
 clkload24/Y
 clkload25/Y
 clkload26/Y
 clkload27/X
 clkload28/Y
 clkload29/X
 clkload3/X
 clkload30/Y
 clkload31/Y
 clkload32/X
 clkload33/X
 clkload34/Y
 clkload35/Y
 clkload36/Y
 clkload37/Y
 clkload38/Y
 clkload39/Y
 clkload4/Y
 clkload40/Y
 clkload41/X
 clkload42/Y
 clkload43/Y
 clkload44/Y
 clkload45/Y
 clkload46/Y
 clkload47/Y
 clkload48/Y
 clkload49/Y
 clkload5/Y
 clkload50/Y
 clkload51/X
 clkload52/Y
 clkload53/Y
 clkload54/Y
 clkload55/Y
 clkload56/Y
 clkload57/Y
 clkload58/Y
 clkload59/Y
 clkload6/X
 clkload60/Y
 clkload61/Y
 clkload62/Y
 clkload63/Y
 clkload64/Y
 clkload65/Y
 clkload66/Y
 clkload67/Y
 clkload68/Y
 clkload69/Y
 clkload7/Y
 clkload70/Y
 clkload71/Y
 clkload72/X
 clkload73/Y
 clkload74/Y
 clkload75/Y
 clkload76/Y
 clkload77/Y
 clkload78/Y
 clkload79/Y
 clkload8/Y
 clkload80/Y
 clkload81/Y
 clkload82/Y
 clkload83/Y
 clkload84/Y
 clkload85/Y
 clkload86/Y
 clkload87/Y
 clkload88/Y
 clkload89/X
 clkload9/Y
 clkload90/Y
 clkload91/Y
 clkload92/Y
 clkload93/Y
 clkload94/Y
 clkload95/Y
 clkload96/Y
 clkload97/Y
 clkload98/X
 clkload99/Y
 input1/X
 load_slew28/X
 load_slew30/X
 load_slew31/X
 load_slew32/X
 load_slew33/X
 load_slew34/X
 load_slew35/X
 load_slew36/X
 load_slew37/X
 load_slew38/X
 max_cap1/X
 max_cap15/X
 max_cap16/X
 max_cap17/X
 max_cap19/X
 max_cap21/X
 max_cap24/X
 max_cap25/X
 max_cap26/X
 max_cap27/X
 max_cap29/X
 max_cap39/X
 output2/X
 output3/X
 output4/X
 output5/X
 output6/X
 output7/X
 output8/X
 output9/X
 rst_buf/X
 wire1/X
 wire10/X
 wire11/X
 wire12/X
 wire13/X
 wire14/X
 wire18/X
 wire2/X
 wire20/X
 wire22/X
 wire23/X
Found 0 partially unannotated drivers.

===========================================================================
max slew violation count 0
max fanout violation count 0
max cap violation count 0
============================================================================

===========================================================================
check_setup -verbose -unconstrained_endpoints -multiple_clock -no_clock -no_input_delay -loops -generated_clocks
===========================================================================
