
85. Printing statistics.

=== Random_forest_top_ver2 ===

   Number of wires:               5366
   Number of wire bits:           5559
   Number of public wires:        1966
   Number of public wire bits:    2159
   Number of memories:               0
   Number of memory bits:            0
   Number of processes:              0
   Number of cells:               4107
     sky130_fd_sc_hd__a2111o_2       1
     sky130_fd_sc_hd__a211o_2        2
     sky130_fd_sc_hd__a211oi_2       4
     sky130_fd_sc_hd__a21bo_2        1
     sky130_fd_sc_hd__a21boi_2       2
     sky130_fd_sc_hd__a21o_2        36
     sky130_fd_sc_hd__a21oi_2        8
     sky130_fd_sc_hd__a221o_2        1
     sky130_fd_sc_hd__a221oi_2       9
     sky130_fd_sc_hd__a22o_2        31
     sky130_fd_sc_hd__a22oi_2       21
     sky130_fd_sc_hd__a2bb2o_2       2
     sky130_fd_sc_hd__a2bb2oi_2      3
     sky130_fd_sc_hd__a311o_2        1
     sky130_fd_sc_hd__a311oi_2       1
     sky130_fd_sc_hd__a31o_2        10
     sky130_fd_sc_hd__a31oi_2        6
     sky130_fd_sc_hd__a32o_2         2
     sky130_fd_sc_hd__a32oi_2        1
     sky130_fd_sc_hd__a41o_2        18
     sky130_fd_sc_hd__a41oi_2        1
     sky130_fd_sc_hd__and2_2        52
     sky130_fd_sc_hd__and2b_2       19
     sky130_fd_sc_hd__and3_2        36
     sky130_fd_sc_hd__and3b_2        1
     sky130_fd_sc_hd__and4_2        14
     sky130_fd_sc_hd__and4b_2       12
     sky130_fd_sc_hd__buf_1       1799
     sky130_fd_sc_hd__buf_2          1
     sky130_fd_sc_hd__clkbuf_16      1
     sky130_fd_sc_hd__dfrtp_2      554
     sky130_fd_sc_hd__dfstp_2       42
     sky130_fd_sc_hd__dfxtp_2      109
     sky130_fd_sc_hd__inv_2        137
     sky130_fd_sc_hd__mux2_2       321
     sky130_fd_sc_hd__nand2_2       85
     sky130_fd_sc_hd__nand2b_2       1
     sky130_fd_sc_hd__nand3_2       19
     sky130_fd_sc_hd__nand3b_2      19
     sky130_fd_sc_hd__nand4_2       18
     sky130_fd_sc_hd__nand4b_2       4
     sky130_fd_sc_hd__nor2_2       131
     sky130_fd_sc_hd__nor2b_2        1
     sky130_fd_sc_hd__nor3_2         8
     sky130_fd_sc_hd__nor4_2         9
     sky130_fd_sc_hd__nor4b_2        1
     sky130_fd_sc_hd__o2111a_2      21
     sky130_fd_sc_hd__o2111ai_2     10
     sky130_fd_sc_hd__o211a_2       15
     sky130_fd_sc_hd__o211ai_2       7
     sky130_fd_sc_hd__o21a_2         9
     sky130_fd_sc_hd__o21ai_2       18
     sky130_fd_sc_hd__o21ba_2        9
     sky130_fd_sc_hd__o21bai_2       2
     sky130_fd_sc_hd__o221a_2       22
     sky130_fd_sc_hd__o221ai_2       3
     sky130_fd_sc_hd__o22a_2        23
     sky130_fd_sc_hd__o22ai_2        2
     sky130_fd_sc_hd__o2bb2a_2      22
     sky130_fd_sc_hd__o311a_2        8
     sky130_fd_sc_hd__o31a_2       179
     sky130_fd_sc_hd__o31ai_2        6
     sky130_fd_sc_hd__o32a_2         1
     sky130_fd_sc_hd__o32ai_2        8
     sky130_fd_sc_hd__o41a_2         7
     sky130_fd_sc_hd__o41ai_2        2
     sky130_fd_sc_hd__or2_2         76
     sky130_fd_sc_hd__or2b_2        54
     sky130_fd_sc_hd__or3_2          6
     sky130_fd_sc_hd__or3b_2         1
     sky130_fd_sc_hd__or4_2         12
     sky130_fd_sc_hd__or4b_2         2
     sky130_fd_sc_hd__xnor2_2       17
     sky130_fd_sc_hd__xor2_2        10

   Area for cell type \sky130_fd_sc_hd__clkbuf_16 is unknown!

   Chip area for module '\Random_forest_top_ver2': 39557.939200

