
165. Printing statistics.

=== Random_forest_top_ver2 ===

   Number of wires:               5237
   Number of wire bits:           5430
   Number of public wires:        1966
   Number of public wire bits:    2159
   Number of memories:               0
   Number of memory bits:            0
   Number of processes:              0
   Number of cells:               3978
     sky130_fd_sc_hd__a2111o_2       1
     sky130_fd_sc_hd__a2111oi_2      3
     sky130_fd_sc_hd__a2111oi_4      2
     sky130_fd_sc_hd__a211o_2        2
     sky130_fd_sc_hd__a211oi_2       9
     sky130_fd_sc_hd__a21bo_2        2
     sky130_fd_sc_hd__a21boi_2       4
     sky130_fd_sc_hd__a21o_2        31
     sky130_fd_sc_hd__a21oi_2       17
     sky130_fd_sc_hd__a221o_2        1
     sky130_fd_sc_hd__a221oi_2       1
     sky130_fd_sc_hd__a22o_2        50
     sky130_fd_sc_hd__a2bb2o_2       5
     sky130_fd_sc_hd__a311o_2        3
     sky130_fd_sc_hd__a31o_2        11
     sky130_fd_sc_hd__a31oi_2        1
     sky130_fd_sc_hd__and2_2        18
     sky130_fd_sc_hd__and2b_2        6
     sky130_fd_sc_hd__and3_2        40
     sky130_fd_sc_hd__and3b_2        1
     sky130_fd_sc_hd__and4_2        22
     sky130_fd_sc_hd__and4b_2        1
     sky130_fd_sc_hd__buf_1        732
     sky130_fd_sc_hd__buf_2        345
     sky130_fd_sc_hd__buf_4         24
     sky130_fd_sc_hd__buf_6         11
     sky130_fd_sc_hd__bufinv_8       1
     sky130_fd_sc_hd__clkbuf_16      1
     sky130_fd_sc_hd__dfrtp_2      554
     sky130_fd_sc_hd__dfstp_2       42
     sky130_fd_sc_hd__dfxtp_2      109
     sky130_fd_sc_hd__inv_2        416
     sky130_fd_sc_hd__inv_4          5
     sky130_fd_sc_hd__mux2_2       267
     sky130_fd_sc_hd__nand2_2      498
     sky130_fd_sc_hd__nand3_2       39
     sky130_fd_sc_hd__nand3b_2       8
     sky130_fd_sc_hd__nor2_2       405
     sky130_fd_sc_hd__nor2_4         3
     sky130_fd_sc_hd__nor3_2         5
     sky130_fd_sc_hd__nor3_4         1
     sky130_fd_sc_hd__nor3b_2        2
     sky130_fd_sc_hd__nor3b_4        1
     sky130_fd_sc_hd__o2111a_2      10
     sky130_fd_sc_hd__o2111ai_2      6
     sky130_fd_sc_hd__o211a_2        8
     sky130_fd_sc_hd__o211ai_2       1
     sky130_fd_sc_hd__o21a_2        15
     sky130_fd_sc_hd__o21ai_2      103
     sky130_fd_sc_hd__o22a_2         1
     sky130_fd_sc_hd__o22ai_2        1
     sky130_fd_sc_hd__o2bb2ai_2      1
     sky130_fd_sc_hd__or2_2         64
     sky130_fd_sc_hd__or2b_2        14
     sky130_fd_sc_hd__or3_2         18
     sky130_fd_sc_hd__or3_4          6
     sky130_fd_sc_hd__or3b_2         1
     sky130_fd_sc_hd__or4_2          5
     sky130_fd_sc_hd__xnor2_2       12
     sky130_fd_sc_hd__xor2_2        12

   Area for cell type \sky130_fd_sc_hd__clkbuf_16 is unknown!

   Chip area for module '\Random_forest_top_ver2': 38380.560000

