OpenROAD b16bda7e82721d10566ff7e2b68f1ff0be9f9e38 
Features included (+) or not (-): +Charts +GPU +GUI +Python
This program is licensed under the BSD-3 license. See the LICENSE file for details.
Components of this program may be licensed under more restrictive licenses which must be honored.
Top-level design name: Random_forest_top_ver2
[WARNING]: Using min_distance 0.42 for #N pins to avoid overlap
[WARNING]: Using min_distance 0.9 for #E pins to avoid overlap
[WARNING]: Using min_distance 0.42 for #S pins to avoid overlap
[WARNING]: Using min_distance 0.9 for #W pins to avoid overlap
Block boundaries: 0 0 317195 327915
Horizontal Tracks Origin: 340, Count: 482, Step: 680
Vertical Tracks Origin: 230, Count: 689, Step: 460
Placement details for the #N side
Virtual pin count:  0
Actual pin count:  128
Total pin count:  128
Tracks count:  689
Tracks per pin:  5
Used tracks count:  636
Unused track count:  53
Starting track index:  26
Placement Map:
[230, 690, 1150, 1610, 2070, 2530, 2990, 3450, 3910, 4370, 4830, 5290, 5750, 6210, 6670, 7130, 7590, 8050, 8510, 8970, 9430, 9890, 10350, 10810, 11270, 11730, [91m12190[0m, 12650, 13110, 13570, 14030, [91m14490[0m, 14950, 15410, 15870, 16330, [91m16790[0m, 17250, 17710, 18170, 18630, [91m19090[0m, 19550, 20010, 20470, 20930, [91m21390[0m, 21850, 22310, 22770, 23230, [91m23690[0m, 24150, 24610, 25070, 25530, [91m25990[0m, 26450, 26910, 27370, 27830, [91m28290[0m, 28750, 29210, 29670, 30130, [91m30590[0m, 31050, 31510, 31970, 32430, [91m32890[0m, 33350, 33810, 34270, 34730, [91m35190[0m, 35650, 36110, 36570, 37030, [91m37490[0m, 37950, 38410, 38870, 39330, [91m39790[0m, 40250, 40710, 41170, 41630, [91m42090[0m, 42550, 43010, 43470, 43930, [91m44390[0m, 44850, 45310, 45770, 46230, [91m46690[0m, 47150, 47610, 48070, 48530, [91m48990[0m, 49450, 49910, 50370, 50830, [91m51290[0m, 51750, 52210, 52670, 53130, [91m53590[0m, 54050, 54510, 54970, 55430, [91m55890[0m, 56350, 56810, 57270, 57730, [91m58190[0m, 58650, 59110, 59570, 60030, [91m60490[0m, 60950, 61410, 61870, 62330, [91m62790[0m, 63250, 63710, 64170, 64630, [91m65090[0m, 65550, 66010, 66470, 66930, [91m67390[0m, 67850, 68310, 68770, 69230, [91m69690[0m, 70150, 70610, 71070, 71530, [91m71990[0m, 72450, 72910, 73370, 73830, [91m74290[0m, 74750, 75210, 75670, 76130, [91m76590[0m, 77050, 77510, 77970, 78430, [91m78890[0m, 79350, 79810, 80270, 80730, [91m81190[0m, 81650, 82110, 82570, 83030, [91m83490[0m, 83950, 84410, 84870, 85330, [91m85790[0m, 86250, 86710, 87170, 87630, [91m88090[0m, 88550, 89010, 89470, 89930, [91m90390[0m, 90850, 91310, 91770, 92230, [91m92690[0m, 93150, 93610, 94070, 94530, [91m94990[0m, 95450, 95910, 96370, 96830, [91m97290[0m, 97750, 98210, 98670, 99130, [91m99590[0m, 100050, 100510, 100970, 101430, [91m101890[0m, 102350, 102810, 103270, 103730, [91m104190[0m, 104650, 105110, 105570, 106030, [91m106490[0m, 106950, 107410, 107870, 108330, [91m108790[0m, 109250, 109710, 110170, 110630, [91m111090[0m, 111550, 112010, 112470, 112930, [91m113390[0m, 113850, 114310, 114770, 115230, [91m115690[0m, 116150, 116610, 117070, 117530, [91m117990[0m, 118450, 118910, 119370, 119830, [91m120290[0m, 120750, 121210, 121670, 122130, [91m122590[0m, 123050, 123510, 123970, 124430, [91m124890[0m, 125350, 125810, 126270, 126730, [91m127190[0m, 127650, 128110, 128570, 129030, [91m129490[0m, 129950, 130410, 130870, 131330, [91m131790[0m, 132250, 132710, 133170, 133630, [91m134090[0m, 134550, 135010, 135470, 135930, [91m136390[0m, 136850, 137310, 137770, 138230, [91m138690[0m, 139150, 139610, 140070, 140530, [91m140990[0m, 141450, 141910, 142370, 142830, [91m143290[0m, 143750, 144210, 144670, 145130, [91m145590[0m, 146050, 146510, 146970, 147430, [91m147890[0m, 148350, 148810, 149270, 149730, [91m150190[0m, 150650, 151110, 151570, 152030, [91m152490[0m, 152950, 153410, 153870, 154330, [91m154790[0m, 155250, 155710, 156170, 156630, [91m157090[0m, 157550, 158010, 158470, 158930, [91m159390[0m, 159850, 160310, 160770, 161230, [91m161690[0m, 162150, 162610, 163070, 163530, [91m163990[0m, 164450, 164910, 165370, 165830, [91m166290[0m, 166750, 167210, 167670, 168130, [91m168590[0m, 169050, 169510, 169970, 170430, [91m170890[0m, 171350, 171810, 172270, 172730, [91m173190[0m, 173650, 174110, 174570, 175030, [91m175490[0m, 175950, 176410, 176870, 177330, [91m177790[0m, 178250, 178710, 179170, 179630, [91m180090[0m, 180550, 181010, 181470, 181930, [91m182390[0m, 182850, 183310, 183770, 184230, [91m184690[0m, 185150, 185610, 186070, 186530, [91m186990[0m, 187450, 187910, 188370, 188830, [91m189290[0m, 189750, 190210, 190670, 191130, [91m191590[0m, 192050, 192510, 192970, 193430, [91m193890[0m, 194350, 194810, 195270, 195730, [91m196190[0m, 196650, 197110, 197570, 198030, [91m198490[0m, 198950, 199410, 199870, 200330, [91m200790[0m, 201250, 201710, 202170, 202630, [91m203090[0m, 203550, 204010, 204470, 204930, [91m205390[0m, 205850, 206310, 206770, 207230, [91m207690[0m, 208150, 208610, 209070, 209530, [91m209990[0m, 210450, 210910, 211370, 211830, [91m212290[0m, 212750, 213210, 213670, 214130, [91m214590[0m, 215050, 215510, 215970, 216430, [91m216890[0m, 217350, 217810, 218270, 218730, [91m219190[0m, 219650, 220110, 220570, 221030, [91m221490[0m, 221950, 222410, 222870, 223330, [91m223790[0m, 224250, 224710, 225170, 225630, [91m226090[0m, 226550, 227010, 227470, 227930, [91m228390[0m, 228850, 229310, 229770, 230230, [91m230690[0m, 231150, 231610, 232070, 232530, [91m232990[0m, 233450, 233910, 234370, 234830, [91m235290[0m, 235750, 236210, 236670, 237130, [91m237590[0m, 238050, 238510, 238970, 239430, [91m239890[0m, 240350, 240810, 241270, 241730, [91m242190[0m, 242650, 243110, 243570, 244030, [91m244490[0m, 244950, 245410, 245870, 246330, [91m246790[0m, 247250, 247710, 248170, 248630, [91m249090[0m, 249550, 250010, 250470, 250930, [91m251390[0m, 251850, 252310, 252770, 253230, [91m253690[0m, 254150, 254610, 255070, 255530, [91m255990[0m, 256450, 256910, 257370, 257830, [91m258290[0m, 258750, 259210, 259670, 260130, [91m260590[0m, 261050, 261510, 261970, 262430, [91m262890[0m, 263350, 263810, 264270, 264730, [91m265190[0m, 265650, 266110, 266570, 267030, [91m267490[0m, 267950, 268410, 268870, 269330, [91m269790[0m, 270250, 270710, 271170, 271630, [91m272090[0m, 272550, 273010, 273470, 273930, [91m274390[0m, 274850, 275310, 275770, 276230, [91m276690[0m, 277150, 277610, 278070, 278530, [91m278990[0m, 279450, 279910, 280370, 280830, [91m281290[0m, 281750, 282210, 282670, 283130, [91m283590[0m, 284050, 284510, 284970, 285430, [91m285890[0m, 286350, 286810, 287270, 287730, [91m288190[0m, 288650, 289110, 289570, 290030, [91m290490[0m, 290950, 291410, 291870, 292330, [91m292790[0m, 293250, 293710, 294170, 294630, [91m295090[0m, 295550, 296010, 296470, 296930, [91m297390[0m, 297850, 298310, 298770, 299230, [91m299690[0m, 300150, 300610, 301070, 301530, [91m301990[0m, 302450, 302910, 303370, 303830, [91m304290[0m, 304750, 305210, 305670, 306130, 306590, 307050, 307510, 307970, 308430, 308890, 309350, 309810, 310270, 310730, 311190, 311650, 312110, 312570, 313030, 313490, 313950, 314410, 314870, 315330, 315790, 316250, 316710, ]
Indices of used tracks: [26, 31, 36, 41, 46, 51, 56, 61, 66, 71, 76, 81, 86, 91, 96, 101, 106, 111, 116, 121, 126, 131, 136, 141, 146, 151, 156, 161, 166, 171, 176, 181, 186, 191, 196, 201, 206, 211, 216, 221, 226, 231, 236, 241, 246, 251, 256, 261, 266, 271, 276, 281, 286, 291, 296, 301, 306, 311, 316, 321, 326, 331, 336, 341, 346, 351, 356, 361, 366, 371, 376, 381, 386, 391, 396, 401, 406, 411, 416, 421, 426, 431, 436, 441, 446, 451, 456, 461, 466, 471, 476, 481, 486, 491, 496, 501, 506, 511, 516, 521, 526, 531, 536, 541, 546, 551, 556, 561, 566, 571, 576, 581, 586, 591, 596, 601, 606, 611, 616, 621, 626, 631, 636, 641, 646, 651, 656, 661]
---
Placement details for the #E side
Virtual pin count:  0
Actual pin count:  66
Total pin count:  66
Tracks count:  241
Tracks per pin:  3
Used tracks count:  196
Unused track count:  45
Starting track index:  22
Placement Map:
[340, 1700, 3060, 4420, 5780, 7140, 8500, 9860, 11220, 12580, 13940, 15300, 16660, 18020, 19380, 20740, 22100, 23460, 24820, 26180, 27540, 28900, [91m30260[0m, 31620, 32980, [91m34340[0m, 35700, 37060, [91m38420[0m, 39780, 41140, [91m42500[0m, 43860, 45220, [91m46580[0m, 47940, 49300, [91m50660[0m, 52020, 53380, [91m54740[0m, 56100, 57460, [91m58820[0m, 60180, 61540, [91m62900[0m, 64260, 65620, [91m66980[0m, 68340, 69700, [91m71060[0m, 72420, 73780, [91m75140[0m, 76500, 77860, [91m79220[0m, 80580, 81940, [91m83300[0m, 84660, 86020, [91m87380[0m, 88740, 90100, [91m91460[0m, 92820, 94180, [91m95540[0m, 96900, 98260, [91m99620[0m, 100980, 102340, [91m103700[0m, 105060, 106420, [91m107780[0m, 109140, 110500, [91m111860[0m, 113220, 114580, [91m115940[0m, 117300, 118660, [91m120020[0m, 121380, 122740, [91m124100[0m, 125460, 126820, [91m128180[0m, 129540, 130900, [91m132260[0m, 133620, 134980, [91m136340[0m, 137700, 139060, [91m140420[0m, 141780, 143140, [91m144500[0m, 145860, 147220, [91m148580[0m, 149940, 151300, [91m152660[0m, 154020, 155380, [91m156740[0m, 158100, 159460, [91m160820[0m, 162180, 163540, [91m164900[0m, 166260, 167620, [91m168980[0m, 170340, 171700, [91m173060[0m, 174420, 175780, [91m177140[0m, 178500, 179860, [91m181220[0m, 182580, 183940, [91m185300[0m, 186660, 188020, [91m189380[0m, 190740, 192100, [91m193460[0m, 194820, 196180, [91m197540[0m, 198900, 200260, [91m201620[0m, 202980, 204340, [91m205700[0m, 207060, 208420, [91m209780[0m, 211140, 212500, [91m213860[0m, 215220, 216580, [91m217940[0m, 219300, 220660, [91m222020[0m, 223380, 224740, [91m226100[0m, 227460, 228820, [91m230180[0m, 231540, 232900, [91m234260[0m, 235620, 236980, [91m238340[0m, 239700, 241060, [91m242420[0m, 243780, 245140, [91m246500[0m, 247860, 249220, [91m250580[0m, 251940, 253300, [91m254660[0m, 256020, 257380, [91m258740[0m, 260100, 261460, [91m262820[0m, 264180, 265540, [91m266900[0m, 268260, 269620, [91m270980[0m, 272340, 273700, [91m275060[0m, 276420, 277780, [91m279140[0m, 280500, 281860, [91m283220[0m, 284580, 285940, [91m287300[0m, 288660, 290020, [91m291380[0m, 292740, 294100, [91m295460[0m, 296820, 298180, 299540, 300900, 302260, 303620, 304980, 306340, 307700, 309060, 310420, 311780, 313140, 314500, 315860, 317220, 318580, 319940, 321300, 322660, 324020, 325380, 326740, ]
Indices of used tracks: [22, 25, 28, 31, 34, 37, 40, 43, 46, 49, 52, 55, 58, 61, 64, 67, 70, 73, 76, 79, 82, 85, 88, 91, 94, 97, 100, 103, 106, 109, 112, 115, 118, 121, 124, 127, 130, 133, 136, 139, 142, 145, 148, 151, 154, 157, 160, 163, 166, 169, 172, 175, 178, 181, 184, 187, 190, 193, 196, 199, 202, 205, 208, 211, 214, 217]
---
Placement details for the #S side
Virtual pin count:  0
Actual pin count:  2
Total pin count:  2
Tracks count:  689
Tracks per pin:  344
Used tracks count:  345
Unused track count:  344
Starting track index:  172
Placement Map:
[230, 690, 1150, 1610, 2070, 2530, 2990, 3450, 3910, 4370, 4830, 5290, 5750, 6210, 6670, 7130, 7590, 8050, 8510, 8970, 9430, 9890, 10350, 10810, 11270, 11730, 12190, 12650, 13110, 13570, 14030, 14490, 14950, 15410, 15870, 16330, 16790, 17250, 17710, 18170, 18630, 19090, 19550, 20010, 20470, 20930, 21390, 21850, 22310, 22770, 23230, 23690, 24150, 24610, 25070, 25530, 25990, 26450, 26910, 27370, 27830, 28290, 28750, 29210, 29670, 30130, 30590, 31050, 31510, 31970, 32430, 32890, 33350, 33810, 34270, 34730, 35190, 35650, 36110, 36570, 37030, 37490, 37950, 38410, 38870, 39330, 39790, 40250, 40710, 41170, 41630, 42090, 42550, 43010, 43470, 43930, 44390, 44850, 45310, 45770, 46230, 46690, 47150, 47610, 48070, 48530, 48990, 49450, 49910, 50370, 50830, 51290, 51750, 52210, 52670, 53130, 53590, 54050, 54510, 54970, 55430, 55890, 56350, 56810, 57270, 57730, 58190, 58650, 59110, 59570, 60030, 60490, 60950, 61410, 61870, 62330, 62790, 63250, 63710, 64170, 64630, 65090, 65550, 66010, 66470, 66930, 67390, 67850, 68310, 68770, 69230, 69690, 70150, 70610, 71070, 71530, 71990, 72450, 72910, 73370, 73830, 74290, 74750, 75210, 75670, 76130, 76590, 77050, 77510, 77970, 78430, 78890, [91m79350[0m, 79810, 80270, 80730, 81190, 81650, 82110, 82570, 83030, 83490, 83950, 84410, 84870, 85330, 85790, 86250, 86710, 87170, 87630, 88090, 88550, 89010, 89470, 89930, 90390, 90850, 91310, 91770, 92230, 92690, 93150, 93610, 94070, 94530, 94990, 95450, 95910, 96370, 96830, 97290, 97750, 98210, 98670, 99130, 99590, 100050, 100510, 100970, 101430, 101890, 102350, 102810, 103270, 103730, 104190, 104650, 105110, 105570, 106030, 106490, 106950, 107410, 107870, 108330, 108790, 109250, 109710, 110170, 110630, 111090, 111550, 112010, 112470, 112930, 113390, 113850, 114310, 114770, 115230, 115690, 116150, 116610, 117070, 117530, 117990, 118450, 118910, 119370, 119830, 120290, 120750, 121210, 121670, 122130, 122590, 123050, 123510, 123970, 124430, 124890, 125350, 125810, 126270, 126730, 127190, 127650, 128110, 128570, 129030, 129490, 129950, 130410, 130870, 131330, 131790, 132250, 132710, 133170, 133630, 134090, 134550, 135010, 135470, 135930, 136390, 136850, 137310, 137770, 138230, 138690, 139150, 139610, 140070, 140530, 140990, 141450, 141910, 142370, 142830, 143290, 143750, 144210, 144670, 145130, 145590, 146050, 146510, 146970, 147430, 147890, 148350, 148810, 149270, 149730, 150190, 150650, 151110, 151570, 152030, 152490, 152950, 153410, 153870, 154330, 154790, 155250, 155710, 156170, 156630, 157090, 157550, 158010, 158470, 158930, 159390, 159850, 160310, 160770, 161230, 161690, 162150, 162610, 163070, 163530, 163990, 164450, 164910, 165370, 165830, 166290, 166750, 167210, 167670, 168130, 168590, 169050, 169510, 169970, 170430, 170890, 171350, 171810, 172270, 172730, 173190, 173650, 174110, 174570, 175030, 175490, 175950, 176410, 176870, 177330, 177790, 178250, 178710, 179170, 179630, 180090, 180550, 181010, 181470, 181930, 182390, 182850, 183310, 183770, 184230, 184690, 185150, 185610, 186070, 186530, 186990, 187450, 187910, 188370, 188830, 189290, 189750, 190210, 190670, 191130, 191590, 192050, 192510, 192970, 193430, 193890, 194350, 194810, 195270, 195730, 196190, 196650, 197110, 197570, 198030, 198490, 198950, 199410, 199870, 200330, 200790, 201250, 201710, 202170, 202630, 203090, 203550, 204010, 204470, 204930, 205390, 205850, 206310, 206770, 207230, 207690, 208150, 208610, 209070, 209530, 209990, 210450, 210910, 211370, 211830, 212290, 212750, 213210, 213670, 214130, 214590, 215050, 215510, 215970, 216430, 216890, 217350, 217810, 218270, 218730, 219190, 219650, 220110, 220570, 221030, 221490, 221950, 222410, 222870, 223330, 223790, 224250, 224710, 225170, 225630, 226090, 226550, 227010, 227470, 227930, 228390, 228850, 229310, 229770, 230230, 230690, 231150, 231610, 232070, 232530, 232990, 233450, 233910, 234370, 234830, 235290, 235750, 236210, 236670, 237130, [91m237590[0m, 238050, 238510, 238970, 239430, 239890, 240350, 240810, 241270, 241730, 242190, 242650, 243110, 243570, 244030, 244490, 244950, 245410, 245870, 246330, 246790, 247250, 247710, 248170, 248630, 249090, 249550, 250010, 250470, 250930, 251390, 251850, 252310, 252770, 253230, 253690, 254150, 254610, 255070, 255530, 255990, 256450, 256910, 257370, 257830, 258290, 258750, 259210, 259670, 260130, 260590, 261050, 261510, 261970, 262430, 262890, 263350, 263810, 264270, 264730, 265190, 265650, 266110, 266570, 267030, 267490, 267950, 268410, 268870, 269330, 269790, 270250, 270710, 271170, 271630, 272090, 272550, 273010, 273470, 273930, 274390, 274850, 275310, 275770, 276230, 276690, 277150, 277610, 278070, 278530, 278990, 279450, 279910, 280370, 280830, 281290, 281750, 282210, 282670, 283130, 283590, 284050, 284510, 284970, 285430, 285890, 286350, 286810, 287270, 287730, 288190, 288650, 289110, 289570, 290030, 290490, 290950, 291410, 291870, 292330, 292790, 293250, 293710, 294170, 294630, 295090, 295550, 296010, 296470, 296930, 297390, 297850, 298310, 298770, 299230, 299690, 300150, 300610, 301070, 301530, 301990, 302450, 302910, 303370, 303830, 304290, 304750, 305210, 305670, 306130, 306590, 307050, 307510, 307970, 308430, 308890, 309350, 309810, 310270, 310730, 311190, 311650, 312110, 312570, 313030, 313490, 313950, 314410, 314870, 315330, 315790, 316250, 316710, ]
Indices of used tracks: [172, 516]
---
Placement details for the #W side
Virtual pin count:  0
Actual pin count:  7
Total pin count:  7
Tracks count:  241
Tracks per pin:  34
Used tracks count:  205
Unused track count:  36
Starting track index:  18
Placement Map:
[340, 1700, 3060, 4420, 5780, 7140, 8500, 9860, 11220, 12580, 13940, 15300, 16660, 18020, 19380, 20740, 22100, 23460, [91m24820[0m, 26180, 27540, 28900, 30260, 31620, 32980, 34340, 35700, 37060, 38420, 39780, 41140, 42500, 43860, 45220, 46580, 47940, 49300, 50660, 52020, 53380, 54740, 56100, 57460, 58820, 60180, 61540, 62900, 64260, 65620, 66980, 68340, 69700, [91m71060[0m, 72420, 73780, 75140, 76500, 77860, 79220, 80580, 81940, 83300, 84660, 86020, 87380, 88740, 90100, 91460, 92820, 94180, 95540, 96900, 98260, 99620, 100980, 102340, 103700, 105060, 106420, 107780, 109140, 110500, 111860, 113220, 114580, 115940, [91m117300[0m, 118660, 120020, 121380, 122740, 124100, 125460, 126820, 128180, 129540, 130900, 132260, 133620, 134980, 136340, 137700, 139060, 140420, 141780, 143140, 144500, 145860, 147220, 148580, 149940, 151300, 152660, 154020, 155380, 156740, 158100, 159460, 160820, 162180, [91m163540[0m, 164900, 166260, 167620, 168980, 170340, 171700, 173060, 174420, 175780, 177140, 178500, 179860, 181220, 182580, 183940, 185300, 186660, 188020, 189380, 190740, 192100, 193460, 194820, 196180, 197540, 198900, 200260, 201620, 202980, 204340, 205700, 207060, 208420, [91m209780[0m, 211140, 212500, 213860, 215220, 216580, 217940, 219300, 220660, 222020, 223380, 224740, 226100, 227460, 228820, 230180, 231540, 232900, 234260, 235620, 236980, 238340, 239700, 241060, 242420, 243780, 245140, 246500, 247860, 249220, 250580, 251940, 253300, 254660, [91m256020[0m, 257380, 258740, 260100, 261460, 262820, 264180, 265540, 266900, 268260, 269620, 270980, 272340, 273700, 275060, 276420, 277780, 279140, 280500, 281860, 283220, 284580, 285940, 287300, 288660, 290020, 291380, 292740, 294100, 295460, 296820, 298180, 299540, 300900, [91m302260[0m, 303620, 304980, 306340, 307700, 309060, 310420, 311780, 313140, 314500, 315860, 317220, 318580, 319940, 321300, 322660, 324020, 325380, 326740, ]
Indices of used tracks: [18, 52, 86, 120, 154, 188, 222]
---
