
===========================================================================
 report_power
============================================================================
======================= Fastest Corner ===================================

Group                  Internal  Switching    Leakage      Total
                          Power      Power      Power      Power (Watts)
----------------------------------------------------------------
Sequential             3.32e-03   1.94e-05   5.44e-07   3.34e-03  53.1%
Combinational          2.76e-05   3.85e-05   1.06e-08   6.60e-05   1.0%
Clock                  1.30e-03   1.59e-03   1.35e-08   2.89e-03  45.9%
Macro                  0.00e+00   0.00e+00   0.00e+00   0.00e+00   0.0%
Pad                    0.00e+00   0.00e+00   0.00e+00   0.00e+00   0.0%
----------------------------------------------------------------
Total                  4.65e-03   1.65e-03   5.68e-07   6.30e-03 100.0%
                          73.8%      26.2%       0.0%

======================= Slowest Corner ===================================

Group                  Internal  Switching    Leakage      Total
                          Power      Power      Power      Power (Watts)
----------------------------------------------------------------
Sequential             2.19e-03   1.28e-05   1.24e-05   2.22e-03  52.1%
Combinational          2.10e-05   2.54e-05   1.48e-05   6.13e-05   1.4%
Clock                  9.35e-04   1.04e-03   1.59e-06   1.98e-03  46.5%
Macro                  0.00e+00   0.00e+00   0.00e+00   0.00e+00   0.0%
Pad                    0.00e+00   0.00e+00   0.00e+00   0.00e+00   0.0%
----------------------------------------------------------------
Total                  3.15e-03   1.08e-03   2.88e-05   4.25e-03 100.0%
                          74.0%      25.3%       0.7%

======================= Typical Corner ===================================

Group                  Internal  Switching    Leakage      Total
                          Power      Power      Power      Power (Watts)
----------------------------------------------------------------
Sequential             2.86e-03   1.63e-05   5.42e-07   2.88e-03  53.2%
Combinational          2.56e-05   3.25e-05   8.77e-09   5.81e-05   1.1%
Clock                  1.14e-03   1.34e-03   1.03e-08   2.48e-03  45.8%
Macro                  0.00e+00   0.00e+00   0.00e+00   0.00e+00   0.0%
Pad                    0.00e+00   0.00e+00   0.00e+00   0.00e+00   0.0%
----------------------------------------------------------------
Total                  4.02e-03   1.39e-03   5.61e-07   5.41e-03 100.0%
                          74.3%      25.7%       0.0%

